[2018-07-08 13:25:48] production.ERROR: Symfony\Component\Debug\Exception\FatalThrowableError: Call to undefined method Laravel\Lumen\Routing\Router::name() in /srv/code/routes.php:7
Stack trace:
#0 /srv/code/bootstrap/app.php(63): require()
#1 [internal function]: {closure}(Object(Laravel\Lumen\Routing\Router))
#2 /srv/code/vendor/laravel/lumen-framework/src/Routing/Router.php(62): call_user_func(Object(Closure), Object(Laravel\Lumen\Routing\Router))
#3 /srv/code/bootstrap/app.php(64): Laravel\Lumen\Routing\Router->group(Array, Object(Closure))
#4 /srv/code/artisan(18): require('/srv/code/boots...')
#5 {main} {"exception":"[object] (Symfony\\Component\\Debug\\Exception\\FatalThrowableError(code: 0): Call to undefined method Laravel\\Lumen\\Routing\\Router::name() at /srv/code/routes.php:7)
[stacktrace]
#0 /srv/code/bootstrap/app.php(63): require()
#1 [internal function]: {closure}(Object(Laravel\\Lumen\\Routing\\Router))
#2 /srv/code/vendor/laravel/lumen-framework/src/Routing/Router.php(62): call_user_func(Object(Closure), Object(Laravel\\Lumen\\Routing\\Router))
#3 /srv/code/bootstrap/app.php(64): Laravel\\Lumen\\Routing\\Router->group(Array, Object(Closure))
#4 /srv/code/artisan(18): require('/srv/code/boots...')
#5 {main}
"} 
[2018-07-08 13:25:49] production.ERROR: Symfony\Component\Debug\Exception\FatalThrowableError: Call to undefined method Laravel\Lumen\Routing\Router::name() in /srv/code/routes.php:7
Stack trace:
#0 /srv/code/bootstrap/app.php(63): require()
#1 [internal function]: {closure}(Object(Laravel\Lumen\Routing\Router))
#2 /srv/code/vendor/laravel/lumen-framework/src/Routing/Router.php(62): call_user_func(Object(Closure), Object(Laravel\Lumen\Routing\Router))
#3 /srv/code/bootstrap/app.php(64): Laravel\Lumen\Routing\Router->group(Array, Object(Closure))
#4 /srv/code/artisan(18): require('/srv/code/boots...')
#5 {main} {"exception":"[object] (Symfony\\Component\\Debug\\Exception\\FatalThrowableError(code: 0): Call to undefined method Laravel\\Lumen\\Routing\\Router::name() at /srv/code/routes.php:7)
[stacktrace]
#0 /srv/code/bootstrap/app.php(63): require()
#1 [internal function]: {closure}(Object(Laravel\\Lumen\\Routing\\Router))
#2 /srv/code/vendor/laravel/lumen-framework/src/Routing/Router.php(62): call_user_func(Object(Closure), Object(Laravel\\Lumen\\Routing\\Router))
#3 /srv/code/bootstrap/app.php(64): Laravel\\Lumen\\Routing\\Router->group(Array, Object(Closure))
#4 /srv/code/artisan(18): require('/srv/code/boots...')
#5 {main}
"} 
[2018-07-08 13:27:01] production.ERROR: Symfony\Component\Debug\Exception\FatalThrowableError: Call to undefined method Laravel\Lumen\Routing\Router::resource() in /srv/code/routes.php:8
Stack trace:
#0 /srv/code/bootstrap/app.php(63): require()
#1 [internal function]: {closure}(Object(Laravel\Lumen\Routing\Router))
#2 /srv/code/vendor/laravel/lumen-framework/src/Routing/Router.php(62): call_user_func(Object(Closure), Object(Laravel\Lumen\Routing\Router))
#3 /srv/code/bootstrap/app.php(64): Laravel\Lumen\Routing\Router->group(Array, Object(Closure))
#4 /srv/code/artisan(18): require('/srv/code/boots...')
#5 {main} {"exception":"[object] (Symfony\\Component\\Debug\\Exception\\FatalThrowableError(code: 0): Call to undefined method Laravel\\Lumen\\Routing\\Router::resource() at /srv/code/routes.php:8)
[stacktrace]
#0 /srv/code/bootstrap/app.php(63): require()
#1 [internal function]: {closure}(Object(Laravel\\Lumen\\Routing\\Router))
#2 /srv/code/vendor/laravel/lumen-framework/src/Routing/Router.php(62): call_user_func(Object(Closure), Object(Laravel\\Lumen\\Routing\\Router))
#3 /srv/code/bootstrap/app.php(64): Laravel\\Lumen\\Routing\\Router->group(Array, Object(Closure))
#4 /srv/code/artisan(18): require('/srv/code/boots...')
#5 {main}
"} 
[2018-07-08 13:27:01] production.ERROR: Symfony\Component\Debug\Exception\FatalThrowableError: Call to undefined method Laravel\Lumen\Routing\Router::resource() in /srv/code/routes.php:8
Stack trace:
#0 /srv/code/bootstrap/app.php(63): require()
#1 [internal function]: {closure}(Object(Laravel\Lumen\Routing\Router))
#2 /srv/code/vendor/laravel/lumen-framework/src/Routing/Router.php(62): call_user_func(Object(Closure), Object(Laravel\Lumen\Routing\Router))
#3 /srv/code/bootstrap/app.php(64): Laravel\Lumen\Routing\Router->group(Array, Object(Closure))
#4 /srv/code/artisan(18): require('/srv/code/boots...')
#5 {main} {"exception":"[object] (Symfony\\Component\\Debug\\Exception\\FatalThrowableError(code: 0): Call to undefined method Laravel\\Lumen\\Routing\\Router::resource() at /srv/code/routes.php:8)
[stacktrace]
#0 /srv/code/bootstrap/app.php(63): require()
#1 [internal function]: {closure}(Object(Laravel\\Lumen\\Routing\\Router))
#2 /srv/code/vendor/laravel/lumen-framework/src/Routing/Router.php(62): call_user_func(Object(Closure), Object(Laravel\\Lumen\\Routing\\Router))
#3 /srv/code/bootstrap/app.php(64): Laravel\\Lumen\\Routing\\Router->group(Array, Object(Closure))
#4 /srv/code/artisan(18): require('/srv/code/boots...')
#5 {main}
"} 
[2018-07-08 13:35:35] production.ERROR: ReflectionException: Class redis does not exist in /srv/code/vendor/illuminate/container/Container.php:767
Stack trace:
#0 /srv/code/vendor/illuminate/container/Container.php(767): ReflectionClass->__construct('redis')
#1 /srv/code/vendor/illuminate/container/Container.php(646): Illuminate\Container\Container->build('redis')
#2 /srv/code/vendor/illuminate/container/Container.php(601): Illuminate\Container\Container->resolve('redis', Array)
#3 /srv/code/vendor/laravel/lumen-framework/src/Application.php(223): Illuminate\Container\Container->make('redis', Array)
#4 /srv/code/vendor/illuminate/container/Container.php(1210): Laravel\Lumen\Application->make('redis')
#5 /srv/code/vendor/illuminate/cache/CacheManager.php(195): Illuminate\Container\Container->offsetGet('redis')
#6 /srv/code/vendor/illuminate/cache/CacheManager.php(105): Illuminate\Cache\CacheManager->createRedisDriver(Array)
#7 /srv/code/vendor/illuminate/cache/CacheManager.php(80): Illuminate\Cache\CacheManager->resolve('redis')
#8 /srv/code/vendor/illuminate/cache/CacheManager.php(58): Illuminate\Cache\CacheManager->get('redis')
#9 /srv/code/vendor/illuminate/cache/CacheManager.php(69): Illuminate\Cache\CacheManager->store('redis')
#10 /srv/code/vendor/illuminate/cache/CacheServiceProvider.php(28): Illuminate\Cache\CacheManager->driver()
#11 /srv/code/vendor/illuminate/container/Container.php(764): Illuminate\Cache\CacheServiceProvider->Illuminate\Cache\{closure}(Object(Laravel\Lumen\Application), Array)
#12 /srv/code/vendor/illuminate/container/Container.php(646): Illuminate\Container\Container->build(Object(Closure))
#13 /srv/code/vendor/illuminate/container/Container.php(601): Illuminate\Container\Container->resolve('cache.store', Array)
#14 /srv/code/vendor/laravel/lumen-framework/src/Application.php(223): Illuminate\Container\Container->make('cache.store', Array)
#15 /srv/code/vendor/illuminate/container/Container.php(1210): Laravel\Lumen\Application->make('cache.store')
#16 /srv/code/vendor/laravel/lumen-framework/src/Console/Kernel.php(98): Illuminate\Container\Container->offsetGet('Illuminate\\Cont...')
#17 /srv/code/vendor/laravel/lumen-framework/src/Console/Kernel.php(61): Laravel\Lumen\Console\Kernel->defineConsoleSchedule()
#18 [internal function]: Laravel\Lumen\Console\Kernel->__construct(Object(Laravel\Lumen\Application))
#19 /srv/code/vendor/illuminate/container/Container.php(800): ReflectionClass->newInstanceArgs(Array)
#20 /srv/code/vendor/illuminate/container/Container.php(646): Illuminate\Container\Container->build('Laravel\\Lumen\\C...')
#21 /srv/code/vendor/illuminate/container/Container.php(601): Illuminate\Container\Container->resolve('Laravel\\Lumen\\C...', Array)
#22 /srv/code/vendor/laravel/lumen-framework/src/Application.php(223): Illuminate\Container\Container->make('Laravel\\Lumen\\C...', Array)
#23 /srv/code/vendor/illuminate/container/Container.php(256): Laravel\Lumen\Application->make('Laravel\\Lumen\\C...', Array)
#24 /srv/code/vendor/illuminate/container/Container.php(764): Illuminate\Container\Container->Illuminate\Container\{closure}(Object(Laravel\Lumen\Application), Array)
#25 /srv/code/vendor/illuminate/container/Container.php(646): Illuminate\Container\Container->build(Object(Closure))
#26 /srv/code/vendor/illuminate/container/Container.php(601): Illuminate\Container\Container->resolve('Illuminate\\Cont...', Array)
#27 /srv/code/vendor/laravel/lumen-framework/src/Application.php(223): Illuminate\Container\Container->make('Illuminate\\Cont...', Array)
#28 /srv/code/artisan(32): Laravel\Lumen\Application->make('Illuminate\\Cont...')
#29 {main} {"exception":"[object] (ReflectionException(code: -1): Class redis does not exist at /srv/code/vendor/illuminate/container/Container.php:767)
[stacktrace]
#0 /srv/code/vendor/illuminate/container/Container.php(767): ReflectionClass->__construct('redis')
#1 /srv/code/vendor/illuminate/container/Container.php(646): Illuminate\\Container\\Container->build('redis')
#2 /srv/code/vendor/illuminate/container/Container.php(601): Illuminate\\Container\\Container->resolve('redis', Array)
#3 /srv/code/vendor/laravel/lumen-framework/src/Application.php(223): Illuminate\\Container\\Container->make('redis', Array)
#4 /srv/code/vendor/illuminate/container/Container.php(1210): Laravel\\Lumen\\Application->make('redis')
#5 /srv/code/vendor/illuminate/cache/CacheManager.php(195): Illuminate\\Container\\Container->offsetGet('redis')
#6 /srv/code/vendor/illuminate/cache/CacheManager.php(105): Illuminate\\Cache\\CacheManager->createRedisDriver(Array)
#7 /srv/code/vendor/illuminate/cache/CacheManager.php(80): Illuminate\\Cache\\CacheManager->resolve('redis')
#8 /srv/code/vendor/illuminate/cache/CacheManager.php(58): Illuminate\\Cache\\CacheManager->get('redis')
#9 /srv/code/vendor/illuminate/cache/CacheManager.php(69): Illuminate\\Cache\\CacheManager->store('redis')
#10 /srv/code/vendor/illuminate/cache/CacheServiceProvider.php(28): Illuminate\\Cache\\CacheManager->driver()
#11 /srv/code/vendor/illuminate/container/Container.php(764): Illuminate\\Cache\\CacheServiceProvider->Illuminate\\Cache\\{closure}(Object(Laravel\\Lumen\\Application), Array)
#12 /srv/code/vendor/illuminate/container/Container.php(646): Illuminate\\Container\\Container->build(Object(Closure))
#13 /srv/code/vendor/illuminate/container/Container.php(601): Illuminate\\Container\\Container->resolve('cache.store', Array)
#14 /srv/code/vendor/laravel/lumen-framework/src/Application.php(223): Illuminate\\Container\\Container->make('cache.store', Array)
#15 /srv/code/vendor/illuminate/container/Container.php(1210): Laravel\\Lumen\\Application->make('cache.store')
#16 /srv/code/vendor/laravel/lumen-framework/src/Console/Kernel.php(98): Illuminate\\Container\\Container->offsetGet('Illuminate\\\\Cont...')
#17 /srv/code/vendor/laravel/lumen-framework/src/Console/Kernel.php(61): Laravel\\Lumen\\Console\\Kernel->defineConsoleSchedule()
#18 [internal function]: Laravel\\Lumen\\Console\\Kernel->__construct(Object(Laravel\\Lumen\\Application))
#19 /srv/code/vendor/illuminate/container/Container.php(800): ReflectionClass->newInstanceArgs(Array)
#20 /srv/code/vendor/illuminate/container/Container.php(646): Illuminate\\Container\\Container->build('Laravel\\\\Lumen\\\\C...')
#21 /srv/code/vendor/illuminate/container/Container.php(601): Illuminate\\Container\\Container->resolve('Laravel\\\\Lumen\\\\C...', Array)
#22 /srv/code/vendor/laravel/lumen-framework/src/Application.php(223): Illuminate\\Container\\Container->make('Laravel\\\\Lumen\\\\C...', Array)
#23 /srv/code/vendor/illuminate/container/Container.php(256): Laravel\\Lumen\\Application->make('Laravel\\\\Lumen\\\\C...', Array)
#24 /srv/code/vendor/illuminate/container/Container.php(764): Illuminate\\Container\\Container->Illuminate\\Container\\{closure}(Object(Laravel\\Lumen\\Application), Array)
#25 /srv/code/vendor/illuminate/container/Container.php(646): Illuminate\\Container\\Container->build(Object(Closure))
#26 /srv/code/vendor/illuminate/container/Container.php(601): Illuminate\\Container\\Container->resolve('Illuminate\\\\Cont...', Array)
#27 /srv/code/vendor/laravel/lumen-framework/src/Application.php(223): Illuminate\\Container\\Container->make('Illuminate\\\\Cont...', Array)
#28 /srv/code/artisan(32): Laravel\\Lumen\\Application->make('Illuminate\\\\Cont...')
#29 {main}
"} 
[2018-07-08 13:35:35] production.ERROR: ReflectionException: Class redis does not exist in /srv/code/vendor/illuminate/container/Container.php:767
Stack trace:
#0 /srv/code/vendor/illuminate/container/Container.php(767): ReflectionClass->__construct('redis')
#1 /srv/code/vendor/illuminate/container/Container.php(646): Illuminate\Container\Container->build('redis')
#2 /srv/code/vendor/illuminate/container/Container.php(601): Illuminate\Container\Container->resolve('redis', Array)
#3 /srv/code/vendor/laravel/lumen-framework/src/Application.php(223): Illuminate\Container\Container->make('redis', Array)
#4 /srv/code/vendor/illuminate/container/Container.php(1210): Laravel\Lumen\Application->make('redis')
#5 /srv/code/vendor/illuminate/cache/CacheManager.php(195): Illuminate\Container\Container->offsetGet('redis')
#6 /srv/code/vendor/illuminate/cache/CacheManager.php(105): Illuminate\Cache\CacheManager->createRedisDriver(Array)
#7 /srv/code/vendor/illuminate/cache/CacheManager.php(80): Illuminate\Cache\CacheManager->resolve('redis')
#8 /srv/code/vendor/illuminate/cache/CacheManager.php(58): Illuminate\Cache\CacheManager->get('redis')
#9 /srv/code/vendor/illuminate/cache/CacheManager.php(69): Illuminate\Cache\CacheManager->store('redis')
#10 /srv/code/vendor/illuminate/cache/CacheServiceProvider.php(28): Illuminate\Cache\CacheManager->driver()
#11 /srv/code/vendor/illuminate/container/Container.php(764): Illuminate\Cache\CacheServiceProvider->Illuminate\Cache\{closure}(Object(Laravel\Lumen\Application), Array)
#12 /srv/code/vendor/illuminate/container/Container.php(646): Illuminate\Container\Container->build(Object(Closure))
#13 /srv/code/vendor/illuminate/container/Container.php(601): Illuminate\Container\Container->resolve('cache.store', Array)
#14 /srv/code/vendor/laravel/lumen-framework/src/Application.php(223): Illuminate\Container\Container->make('cache.store', Array)
#15 /srv/code/vendor/illuminate/container/Container.php(1210): Laravel\Lumen\Application->make('cache.store')
#16 /srv/code/vendor/laravel/lumen-framework/src/Console/Kernel.php(98): Illuminate\Container\Container->offsetGet('Illuminate\\Cont...')
#17 /srv/code/vendor/laravel/lumen-framework/src/Console/Kernel.php(61): Laravel\Lumen\Console\Kernel->defineConsoleSchedule()
#18 [internal function]: Laravel\Lumen\Console\Kernel->__construct(Object(Laravel\Lumen\Application))
#19 /srv/code/vendor/illuminate/container/Container.php(800): ReflectionClass->newInstanceArgs(Array)
#20 /srv/code/vendor/illuminate/container/Container.php(646): Illuminate\Container\Container->build('Laravel\\Lumen\\C...')
#21 /srv/code/vendor/illuminate/container/Container.php(601): Illuminate\Container\Container->resolve('Laravel\\Lumen\\C...', Array)
#22 /srv/code/vendor/laravel/lumen-framework/src/Application.php(223): Illuminate\Container\Container->make('Laravel\\Lumen\\C...', Array)
#23 /srv/code/vendor/illuminate/container/Container.php(256): Laravel\Lumen\Application->make('Laravel\\Lumen\\C...', Array)
#24 /srv/code/vendor/illuminate/container/Container.php(764): Illuminate\Container\Container->Illuminate\Container\{closure}(Object(Laravel\Lumen\Application), Array)
#25 /srv/code/vendor/illuminate/container/Container.php(646): Illuminate\Container\Container->build(Object(Closure))
#26 /srv/code/vendor/illuminate/container/Container.php(601): Illuminate\Container\Container->resolve('Illuminate\\Cont...', Array)
#27 /srv/code/vendor/laravel/lumen-framework/src/Application.php(223): Illuminate\Container\Container->make('Illuminate\\Cont...', Array)
#28 /srv/code/artisan(32): Laravel\Lumen\Application->make('Illuminate\\Cont...')
#29 {main} {"exception":"[object] (ReflectionException(code: -1): Class redis does not exist at /srv/code/vendor/illuminate/container/Container.php:767)
[stacktrace]
#0 /srv/code/vendor/illuminate/container/Container.php(767): ReflectionClass->__construct('redis')
#1 /srv/code/vendor/illuminate/container/Container.php(646): Illuminate\\Container\\Container->build('redis')
#2 /srv/code/vendor/illuminate/container/Container.php(601): Illuminate\\Container\\Container->resolve('redis', Array)
#3 /srv/code/vendor/laravel/lumen-framework/src/Application.php(223): Illuminate\\Container\\Container->make('redis', Array)
#4 /srv/code/vendor/illuminate/container/Container.php(1210): Laravel\\Lumen\\Application->make('redis')
#5 /srv/code/vendor/illuminate/cache/CacheManager.php(195): Illuminate\\Container\\Container->offsetGet('redis')
#6 /srv/code/vendor/illuminate/cache/CacheManager.php(105): Illuminate\\Cache\\CacheManager->createRedisDriver(Array)
#7 /srv/code/vendor/illuminate/cache/CacheManager.php(80): Illuminate\\Cache\\CacheManager->resolve('redis')
#8 /srv/code/vendor/illuminate/cache/CacheManager.php(58): Illuminate\\Cache\\CacheManager->get('redis')
#9 /srv/code/vendor/illuminate/cache/CacheManager.php(69): Illuminate\\Cache\\CacheManager->store('redis')
#10 /srv/code/vendor/illuminate/cache/CacheServiceProvider.php(28): Illuminate\\Cache\\CacheManager->driver()
#11 /srv/code/vendor/illuminate/container/Container.php(764): Illuminate\\Cache\\CacheServiceProvider->Illuminate\\Cache\\{closure}(Object(Laravel\\Lumen\\Application), Array)
#12 /srv/code/vendor/illuminate/container/Container.php(646): Illuminate\\Container\\Container->build(Object(Closure))
#13 /srv/code/vendor/illuminate/container/Container.php(601): Illuminate\\Container\\Container->resolve('cache.store', Array)
#14 /srv/code/vendor/laravel/lumen-framework/src/Application.php(223): Illuminate\\Container\\Container->make('cache.store', Array)
#15 /srv/code/vendor/illuminate/container/Container.php(1210): Laravel\\Lumen\\Application->make('cache.store')
#16 /srv/code/vendor/laravel/lumen-framework/src/Console/Kernel.php(98): Illuminate\\Container\\Container->offsetGet('Illuminate\\\\Cont...')
#17 /srv/code/vendor/laravel/lumen-framework/src/Console/Kernel.php(61): Laravel\\Lumen\\Console\\Kernel->defineConsoleSchedule()
#18 [internal function]: Laravel\\Lumen\\Console\\Kernel->__construct(Object(Laravel\\Lumen\\Application))
#19 /srv/code/vendor/illuminate/container/Container.php(800): ReflectionClass->newInstanceArgs(Array)
#20 /srv/code/vendor/illuminate/container/Container.php(646): Illuminate\\Container\\Container->build('Laravel\\\\Lumen\\\\C...')
#21 /srv/code/vendor/illuminate/container/Container.php(601): Illuminate\\Container\\Container->resolve('Laravel\\\\Lumen\\\\C...', Array)
#22 /srv/code/vendor/laravel/lumen-framework/src/Application.php(223): Illuminate\\Container\\Container->make('Laravel\\\\Lumen\\\\C...', Array)
#23 /srv/code/vendor/illuminate/container/Container.php(256): Laravel\\Lumen\\Application->make('Laravel\\\\Lumen\\\\C...', Array)
#24 /srv/code/vendor/illuminate/container/Container.php(764): Illuminate\\Container\\Container->Illuminate\\Container\\{closure}(Object(Laravel\\Lumen\\Application), Array)
#25 /srv/code/vendor/illuminate/container/Container.php(646): Illuminate\\Container\\Container->build(Object(Closure))
#26 /srv/code/vendor/illuminate/container/Container.php(601): Illuminate\\Container\\Container->resolve('Illuminate\\\\Cont...', Array)
#27 /srv/code/vendor/laravel/lumen-framework/src/Application.php(223): Illuminate\\Container\\Container->make('Illuminate\\\\Cont...', Array)
#28 /srv/code/artisan(32): Laravel\\Lumen\\Application->make('Illuminate\\\\Cont...')
#29 {main}
"} 
[2018-07-08 13:57:58] production.ERROR: ReflectionException: Class redis does not exist in /srv/code/vendor/illuminate/container/Container.php:767
Stack trace:
#0 /srv/code/vendor/illuminate/container/Container.php(767): ReflectionClass->__construct('redis')
#1 /srv/code/vendor/illuminate/container/Container.php(646): Illuminate\Container\Container->build('redis')
#2 /srv/code/vendor/illuminate/container/Container.php(601): Illuminate\Container\Container->resolve('redis', Array)
#3 /srv/code/vendor/laravel/lumen-framework/src/Application.php(223): Illuminate\Container\Container->make('redis', Array)
#4 /srv/code/vendor/illuminate/container/Container.php(1210): Laravel\Lumen\Application->make('redis')
#5 /srv/code/vendor/illuminate/cache/CacheManager.php(195): Illuminate\Container\Container->offsetGet('redis')
#6 /srv/code/vendor/illuminate/cache/CacheManager.php(105): Illuminate\Cache\CacheManager->createRedisDriver(Array)
#7 /srv/code/vendor/illuminate/cache/CacheManager.php(80): Illuminate\Cache\CacheManager->resolve('redis')
#8 /srv/code/vendor/illuminate/cache/CacheManager.php(58): Illuminate\Cache\CacheManager->get('redis')
#9 /srv/code/vendor/illuminate/cache/CacheManager.php(69): Illuminate\Cache\CacheManager->store('redis')
#10 /srv/code/vendor/illuminate/cache/CacheServiceProvider.php(28): Illuminate\Cache\CacheManager->driver()
#11 /srv/code/vendor/illuminate/container/Container.php(764): Illuminate\Cache\CacheServiceProvider->Illuminate\Cache\{closure}(Object(Laravel\Lumen\Application), Array)
#12 /srv/code/vendor/illuminate/container/Container.php(646): Illuminate\Container\Container->build(Object(Closure))
#13 /srv/code/vendor/illuminate/container/Container.php(601): Illuminate\Container\Container->resolve('cache.store', Array)
#14 /srv/code/vendor/laravel/lumen-framework/src/Application.php(223): Illuminate\Container\Container->make('cache.store', Array)
#15 /srv/code/vendor/illuminate/container/Container.php(1210): Laravel\Lumen\Application->make('cache.store')
#16 /srv/code/vendor/laravel/lumen-framework/src/Console/Kernel.php(98): Illuminate\Container\Container->offsetGet('Illuminate\\Cont...')
#17 /srv/code/vendor/laravel/lumen-framework/src/Console/Kernel.php(61): Laravel\Lumen\Console\Kernel->defineConsoleSchedule()
#18 [internal function]: Laravel\Lumen\Console\Kernel->__construct(Object(Laravel\Lumen\Application))
#19 /srv/code/vendor/illuminate/container/Container.php(800): ReflectionClass->newInstanceArgs(Array)
#20 /srv/code/vendor/illuminate/container/Container.php(646): Illuminate\Container\Container->build('Laravel\\Lumen\\C...')
#21 /srv/code/vendor/illuminate/container/Container.php(601): Illuminate\Container\Container->resolve('Laravel\\Lumen\\C...', Array)
#22 /srv/code/vendor/laravel/lumen-framework/src/Application.php(223): Illuminate\Container\Container->make('Laravel\\Lumen\\C...', Array)
#23 /srv/code/vendor/illuminate/container/Container.php(256): Laravel\Lumen\Application->make('Laravel\\Lumen\\C...', Array)
#24 /srv/code/vendor/illuminate/container/Container.php(764): Illuminate\Container\Container->Illuminate\Container\{closure}(Object(Laravel\Lumen\Application), Array)
#25 /srv/code/vendor/illuminate/container/Container.php(646): Illuminate\Container\Container->build(Object(Closure))
#26 /srv/code/vendor/illuminate/container/Container.php(601): Illuminate\Container\Container->resolve('Illuminate\\Cont...', Array)
#27 /srv/code/vendor/laravel/lumen-framework/src/Application.php(223): Illuminate\Container\Container->make('Illuminate\\Cont...', Array)
#28 /srv/code/artisan(32): Laravel\Lumen\Application->make('Illuminate\\Cont...')
#29 {main} {"exception":"[object] (ReflectionException(code: -1): Class redis does not exist at /srv/code/vendor/illuminate/container/Container.php:767)
[stacktrace]
#0 /srv/code/vendor/illuminate/container/Container.php(767): ReflectionClass->__construct('redis')
#1 /srv/code/vendor/illuminate/container/Container.php(646): Illuminate\\Container\\Container->build('redis')
#2 /srv/code/vendor/illuminate/container/Container.php(601): Illuminate\\Container\\Container->resolve('redis', Array)
#3 /srv/code/vendor/laravel/lumen-framework/src/Application.php(223): Illuminate\\Container\\Container->make('redis', Array)
#4 /srv/code/vendor/illuminate/container/Container.php(1210): Laravel\\Lumen\\Application->make('redis')
#5 /srv/code/vendor/illuminate/cache/CacheManager.php(195): Illuminate\\Container\\Container->offsetGet('redis')
#6 /srv/code/vendor/illuminate/cache/CacheManager.php(105): Illuminate\\Cache\\CacheManager->createRedisDriver(Array)
#7 /srv/code/vendor/illuminate/cache/CacheManager.php(80): Illuminate\\Cache\\CacheManager->resolve('redis')
#8 /srv/code/vendor/illuminate/cache/CacheManager.php(58): Illuminate\\Cache\\CacheManager->get('redis')
#9 /srv/code/vendor/illuminate/cache/CacheManager.php(69): Illuminate\\Cache\\CacheManager->store('redis')
#10 /srv/code/vendor/illuminate/cache/CacheServiceProvider.php(28): Illuminate\\Cache\\CacheManager->driver()
#11 /srv/code/vendor/illuminate/container/Container.php(764): Illuminate\\Cache\\CacheServiceProvider->Illuminate\\Cache\\{closure}(Object(Laravel\\Lumen\\Application), Array)
#12 /srv/code/vendor/illuminate/container/Container.php(646): Illuminate\\Container\\Container->build(Object(Closure))
#13 /srv/code/vendor/illuminate/container/Container.php(601): Illuminate\\Container\\Container->resolve('cache.store', Array)
#14 /srv/code/vendor/laravel/lumen-framework/src/Application.php(223): Illuminate\\Container\\Container->make('cache.store', Array)
#15 /srv/code/vendor/illuminate/container/Container.php(1210): Laravel\\Lumen\\Application->make('cache.store')
#16 /srv/code/vendor/laravel/lumen-framework/src/Console/Kernel.php(98): Illuminate\\Container\\Container->offsetGet('Illuminate\\\\Cont...')
#17 /srv/code/vendor/laravel/lumen-framework/src/Console/Kernel.php(61): Laravel\\Lumen\\Console\\Kernel->defineConsoleSchedule()
#18 [internal function]: Laravel\\Lumen\\Console\\Kernel->__construct(Object(Laravel\\Lumen\\Application))
#19 /srv/code/vendor/illuminate/container/Container.php(800): ReflectionClass->newInstanceArgs(Array)
#20 /srv/code/vendor/illuminate/container/Container.php(646): Illuminate\\Container\\Container->build('Laravel\\\\Lumen\\\\C...')
#21 /srv/code/vendor/illuminate/container/Container.php(601): Illuminate\\Container\\Container->resolve('Laravel\\\\Lumen\\\\C...', Array)
#22 /srv/code/vendor/laravel/lumen-framework/src/Application.php(223): Illuminate\\Container\\Container->make('Laravel\\\\Lumen\\\\C...', Array)
#23 /srv/code/vendor/illuminate/container/Container.php(256): Laravel\\Lumen\\Application->make('Laravel\\\\Lumen\\\\C...', Array)
#24 /srv/code/vendor/illuminate/container/Container.php(764): Illuminate\\Container\\Container->Illuminate\\Container\\{closure}(Object(Laravel\\Lumen\\Application), Array)
#25 /srv/code/vendor/illuminate/container/Container.php(646): Illuminate\\Container\\Container->build(Object(Closure))
#26 /srv/code/vendor/illuminate/container/Container.php(601): Illuminate\\Container\\Container->resolve('Illuminate\\\\Cont...', Array)
#27 /srv/code/vendor/laravel/lumen-framework/src/Application.php(223): Illuminate\\Container\\Container->make('Illuminate\\\\Cont...', Array)
#28 /srv/code/artisan(32): Laravel\\Lumen\\Application->make('Illuminate\\\\Cont...')
#29 {main}
"} 
[2018-07-08 13:57:58] production.ERROR: ReflectionException: Class redis does not exist in /srv/code/vendor/illuminate/container/Container.php:767
Stack trace:
#0 /srv/code/vendor/illuminate/container/Container.php(767): ReflectionClass->__construct('redis')
#1 /srv/code/vendor/illuminate/container/Container.php(646): Illuminate\Container\Container->build('redis')
#2 /srv/code/vendor/illuminate/container/Container.php(601): Illuminate\Container\Container->resolve('redis', Array)
#3 /srv/code/vendor/laravel/lumen-framework/src/Application.php(223): Illuminate\Container\Container->make('redis', Array)
#4 /srv/code/vendor/illuminate/container/Container.php(1210): Laravel\Lumen\Application->make('redis')
#5 /srv/code/vendor/illuminate/cache/CacheManager.php(195): Illuminate\Container\Container->offsetGet('redis')
#6 /srv/code/vendor/illuminate/cache/CacheManager.php(105): Illuminate\Cache\CacheManager->createRedisDriver(Array)
#7 /srv/code/vendor/illuminate/cache/CacheManager.php(80): Illuminate\Cache\CacheManager->resolve('redis')
#8 /srv/code/vendor/illuminate/cache/CacheManager.php(58): Illuminate\Cache\CacheManager->get('redis')
#9 /srv/code/vendor/illuminate/cache/CacheManager.php(69): Illuminate\Cache\CacheManager->store('redis')
#10 /srv/code/vendor/illuminate/cache/CacheServiceProvider.php(28): Illuminate\Cache\CacheManager->driver()
#11 /srv/code/vendor/illuminate/container/Container.php(764): Illuminate\Cache\CacheServiceProvider->Illuminate\Cache\{closure}(Object(Laravel\Lumen\Application), Array)
#12 /srv/code/vendor/illuminate/container/Container.php(646): Illuminate\Container\Container->build(Object(Closure))
#13 /srv/code/vendor/illuminate/container/Container.php(601): Illuminate\Container\Container->resolve('cache.store', Array)
#14 /srv/code/vendor/laravel/lumen-framework/src/Application.php(223): Illuminate\Container\Container->make('cache.store', Array)
#15 /srv/code/vendor/illuminate/container/Container.php(1210): Laravel\Lumen\Application->make('cache.store')
#16 /srv/code/vendor/laravel/lumen-framework/src/Console/Kernel.php(98): Illuminate\Container\Container->offsetGet('Illuminate\\Cont...')
#17 /srv/code/vendor/laravel/lumen-framework/src/Console/Kernel.php(61): Laravel\Lumen\Console\Kernel->defineConsoleSchedule()
#18 [internal function]: Laravel\Lumen\Console\Kernel->__construct(Object(Laravel\Lumen\Application))
#19 /srv/code/vendor/illuminate/container/Container.php(800): ReflectionClass->newInstanceArgs(Array)
#20 /srv/code/vendor/illuminate/container/Container.php(646): Illuminate\Container\Container->build('Laravel\\Lumen\\C...')
#21 /srv/code/vendor/illuminate/container/Container.php(601): Illuminate\Container\Container->resolve('Laravel\\Lumen\\C...', Array)
#22 /srv/code/vendor/laravel/lumen-framework/src/Application.php(223): Illuminate\Container\Container->make('Laravel\\Lumen\\C...', Array)
#23 /srv/code/vendor/illuminate/container/Container.php(256): Laravel\Lumen\Application->make('Laravel\\Lumen\\C...', Array)
#24 /srv/code/vendor/illuminate/container/Container.php(764): Illuminate\Container\Container->Illuminate\Container\{closure}(Object(Laravel\Lumen\Application), Array)
#25 /srv/code/vendor/illuminate/container/Container.php(646): Illuminate\Container\Container->build(Object(Closure))
#26 /srv/code/vendor/illuminate/container/Container.php(601): Illuminate\Container\Container->resolve('Illuminate\\Cont...', Array)
#27 /srv/code/vendor/laravel/lumen-framework/src/Application.php(223): Illuminate\Container\Container->make('Illuminate\\Cont...', Array)
#28 /srv/code/artisan(32): Laravel\Lumen\Application->make('Illuminate\\Cont...')
#29 {main} {"exception":"[object] (ReflectionException(code: -1): Class redis does not exist at /srv/code/vendor/illuminate/container/Container.php:767)
[stacktrace]
#0 /srv/code/vendor/illuminate/container/Container.php(767): ReflectionClass->__construct('redis')
#1 /srv/code/vendor/illuminate/container/Container.php(646): Illuminate\\Container\\Container->build('redis')
#2 /srv/code/vendor/illuminate/container/Container.php(601): Illuminate\\Container\\Container->resolve('redis', Array)
#3 /srv/code/vendor/laravel/lumen-framework/src/Application.php(223): Illuminate\\Container\\Container->make('redis', Array)
#4 /srv/code/vendor/illuminate/container/Container.php(1210): Laravel\\Lumen\\Application->make('redis')
#5 /srv/code/vendor/illuminate/cache/CacheManager.php(195): Illuminate\\Container\\Container->offsetGet('redis')
#6 /srv/code/vendor/illuminate/cache/CacheManager.php(105): Illuminate\\Cache\\CacheManager->createRedisDriver(Array)
#7 /srv/code/vendor/illuminate/cache/CacheManager.php(80): Illuminate\\Cache\\CacheManager->resolve('redis')
#8 /srv/code/vendor/illuminate/cache/CacheManager.php(58): Illuminate\\Cache\\CacheManager->get('redis')
#9 /srv/code/vendor/illuminate/cache/CacheManager.php(69): Illuminate\\Cache\\CacheManager->store('redis')
#10 /srv/code/vendor/illuminate/cache/CacheServiceProvider.php(28): Illuminate\\Cache\\CacheManager->driver()
#11 /srv/code/vendor/illuminate/container/Container.php(764): Illuminate\\Cache\\CacheServiceProvider->Illuminate\\Cache\\{closure}(Object(Laravel\\Lumen\\Application), Array)
#12 /srv/code/vendor/illuminate/container/Container.php(646): Illuminate\\Container\\Container->build(Object(Closure))
#13 /srv/code/vendor/illuminate/container/Container.php(601): Illuminate\\Container\\Container->resolve('cache.store', Array)
#14 /srv/code/vendor/laravel/lumen-framework/src/Application.php(223): Illuminate\\Container\\Container->make('cache.store', Array)
#15 /srv/code/vendor/illuminate/container/Container.php(1210): Laravel\\Lumen\\Application->make('cache.store')
#16 /srv/code/vendor/laravel/lumen-framework/src/Console/Kernel.php(98): Illuminate\\Container\\Container->offsetGet('Illuminate\\\\Cont...')
#17 /srv/code/vendor/laravel/lumen-framework/src/Console/Kernel.php(61): Laravel\\Lumen\\Console\\Kernel->defineConsoleSchedule()
#18 [internal function]: Laravel\\Lumen\\Console\\Kernel->__construct(Object(Laravel\\Lumen\\Application))
#19 /srv/code/vendor/illuminate/container/Container.php(800): ReflectionClass->newInstanceArgs(Array)
#20 /srv/code/vendor/illuminate/container/Container.php(646): Illuminate\\Container\\Container->build('Laravel\\\\Lumen\\\\C...')
#21 /srv/code/vendor/illuminate/container/Container.php(601): Illuminate\\Container\\Container->resolve('Laravel\\\\Lumen\\\\C...', Array)
#22 /srv/code/vendor/laravel/lumen-framework/src/Application.php(223): Illuminate\\Container\\Container->make('Laravel\\\\Lumen\\\\C...', Array)
#23 /srv/code/vendor/illuminate/container/Container.php(256): Laravel\\Lumen\\Application->make('Laravel\\\\Lumen\\\\C...', Array)
#24 /srv/code/vendor/illuminate/container/Container.php(764): Illuminate\\Container\\Container->Illuminate\\Container\\{closure}(Object(Laravel\\Lumen\\Application), Array)
#25 /srv/code/vendor/illuminate/container/Container.php(646): Illuminate\\Container\\Container->build(Object(Closure))
#26 /srv/code/vendor/illuminate/container/Container.php(601): Illuminate\\Container\\Container->resolve('Illuminate\\\\Cont...', Array)
#27 /srv/code/vendor/laravel/lumen-framework/src/Application.php(223): Illuminate\\Container\\Container->make('Illuminate\\\\Cont...', Array)
#28 /srv/code/artisan(32): Laravel\\Lumen\\Application->make('Illuminate\\\\Cont...')
#29 {main}
"} 
[2018-07-08 13:59:29] production.ERROR: ReflectionException: Class redis does not exist in /srv/code/vendor/illuminate/container/Container.php:767
Stack trace:
#0 /srv/code/vendor/illuminate/container/Container.php(767): ReflectionClass->__construct('redis')
#1 /srv/code/vendor/illuminate/container/Container.php(646): Illuminate\Container\Container->build('redis')
#2 /srv/code/vendor/illuminate/container/Container.php(601): Illuminate\Container\Container->resolve('redis', Array)
#3 /srv/code/vendor/laravel/lumen-framework/src/Application.php(223): Illuminate\Container\Container->make('redis', Array)
#4 /srv/code/vendor/illuminate/container/Container.php(1210): Laravel\Lumen\Application->make('redis')
#5 /srv/code/vendor/illuminate/cache/CacheManager.php(195): Illuminate\Container\Container->offsetGet('redis')
#6 /srv/code/vendor/illuminate/cache/CacheManager.php(105): Illuminate\Cache\CacheManager->createRedisDriver(Array)
#7 /srv/code/vendor/illuminate/cache/CacheManager.php(80): Illuminate\Cache\CacheManager->resolve('redis')
#8 /srv/code/vendor/illuminate/cache/CacheManager.php(58): Illuminate\Cache\CacheManager->get('redis')
#9 /srv/code/vendor/illuminate/cache/CacheManager.php(69): Illuminate\Cache\CacheManager->store('redis')
#10 /srv/code/vendor/illuminate/cache/CacheServiceProvider.php(28): Illuminate\Cache\CacheManager->driver()
#11 /srv/code/vendor/illuminate/container/Container.php(764): Illuminate\Cache\CacheServiceProvider->Illuminate\Cache\{closure}(Object(Laravel\Lumen\Application), Array)
#12 /srv/code/vendor/illuminate/container/Container.php(646): Illuminate\Container\Container->build(Object(Closure))
#13 /srv/code/vendor/illuminate/container/Container.php(601): Illuminate\Container\Container->resolve('cache.store', Array)
#14 /srv/code/vendor/laravel/lumen-framework/src/Application.php(223): Illuminate\Container\Container->make('cache.store', Array)
#15 /srv/code/vendor/illuminate/container/Container.php(1210): Laravel\Lumen\Application->make('cache.store')
#16 /srv/code/vendor/laravel/lumen-framework/src/Console/Kernel.php(98): Illuminate\Container\Container->offsetGet('Illuminate\\Cont...')
#17 /srv/code/vendor/laravel/lumen-framework/src/Console/Kernel.php(61): Laravel\Lumen\Console\Kernel->defineConsoleSchedule()
#18 [internal function]: Laravel\Lumen\Console\Kernel->__construct(Object(Laravel\Lumen\Application))
#19 /srv/code/vendor/illuminate/container/Container.php(800): ReflectionClass->newInstanceArgs(Array)
#20 /srv/code/vendor/illuminate/container/Container.php(646): Illuminate\Container\Container->build('Laravel\\Lumen\\C...')
#21 /srv/code/vendor/illuminate/container/Container.php(601): Illuminate\Container\Container->resolve('Laravel\\Lumen\\C...', Array)
#22 /srv/code/vendor/laravel/lumen-framework/src/Application.php(223): Illuminate\Container\Container->make('Laravel\\Lumen\\C...', Array)
#23 /srv/code/vendor/illuminate/container/Container.php(256): Laravel\Lumen\Application->make('Laravel\\Lumen\\C...', Array)
#24 /srv/code/vendor/illuminate/container/Container.php(764): Illuminate\Container\Container->Illuminate\Container\{closure}(Object(Laravel\Lumen\Application), Array)
#25 /srv/code/vendor/illuminate/container/Container.php(646): Illuminate\Container\Container->build(Object(Closure))
#26 /srv/code/vendor/illuminate/container/Container.php(601): Illuminate\Container\Container->resolve('Illuminate\\Cont...', Array)
#27 /srv/code/vendor/laravel/lumen-framework/src/Application.php(223): Illuminate\Container\Container->make('Illuminate\\Cont...', Array)
#28 /srv/code/artisan(32): Laravel\Lumen\Application->make('Illuminate\\Cont...')
#29 {main} {"exception":"[object] (ReflectionException(code: -1): Class redis does not exist at /srv/code/vendor/illuminate/container/Container.php:767)
[stacktrace]
#0 /srv/code/vendor/illuminate/container/Container.php(767): ReflectionClass->__construct('redis')
#1 /srv/code/vendor/illuminate/container/Container.php(646): Illuminate\\Container\\Container->build('redis')
#2 /srv/code/vendor/illuminate/container/Container.php(601): Illuminate\\Container\\Container->resolve('redis', Array)
#3 /srv/code/vendor/laravel/lumen-framework/src/Application.php(223): Illuminate\\Container\\Container->make('redis', Array)
#4 /srv/code/vendor/illuminate/container/Container.php(1210): Laravel\\Lumen\\Application->make('redis')
#5 /srv/code/vendor/illuminate/cache/CacheManager.php(195): Illuminate\\Container\\Container->offsetGet('redis')
#6 /srv/code/vendor/illuminate/cache/CacheManager.php(105): Illuminate\\Cache\\CacheManager->createRedisDriver(Array)
#7 /srv/code/vendor/illuminate/cache/CacheManager.php(80): Illuminate\\Cache\\CacheManager->resolve('redis')
#8 /srv/code/vendor/illuminate/cache/CacheManager.php(58): Illuminate\\Cache\\CacheManager->get('redis')
#9 /srv/code/vendor/illuminate/cache/CacheManager.php(69): Illuminate\\Cache\\CacheManager->store('redis')
#10 /srv/code/vendor/illuminate/cache/CacheServiceProvider.php(28): Illuminate\\Cache\\CacheManager->driver()
#11 /srv/code/vendor/illuminate/container/Container.php(764): Illuminate\\Cache\\CacheServiceProvider->Illuminate\\Cache\\{closure}(Object(Laravel\\Lumen\\Application), Array)
#12 /srv/code/vendor/illuminate/container/Container.php(646): Illuminate\\Container\\Container->build(Object(Closure))
#13 /srv/code/vendor/illuminate/container/Container.php(601): Illuminate\\Container\\Container->resolve('cache.store', Array)
#14 /srv/code/vendor/laravel/lumen-framework/src/Application.php(223): Illuminate\\Container\\Container->make('cache.store', Array)
#15 /srv/code/vendor/illuminate/container/Container.php(1210): Laravel\\Lumen\\Application->make('cache.store')
#16 /srv/code/vendor/laravel/lumen-framework/src/Console/Kernel.php(98): Illuminate\\Container\\Container->offsetGet('Illuminate\\\\Cont...')
#17 /srv/code/vendor/laravel/lumen-framework/src/Console/Kernel.php(61): Laravel\\Lumen\\Console\\Kernel->defineConsoleSchedule()
#18 [internal function]: Laravel\\Lumen\\Console\\Kernel->__construct(Object(Laravel\\Lumen\\Application))
#19 /srv/code/vendor/illuminate/container/Container.php(800): ReflectionClass->newInstanceArgs(Array)
#20 /srv/code/vendor/illuminate/container/Container.php(646): Illuminate\\Container\\Container->build('Laravel\\\\Lumen\\\\C...')
#21 /srv/code/vendor/illuminate/container/Container.php(601): Illuminate\\Container\\Container->resolve('Laravel\\\\Lumen\\\\C...', Array)
#22 /srv/code/vendor/laravel/lumen-framework/src/Application.php(223): Illuminate\\Container\\Container->make('Laravel\\\\Lumen\\\\C...', Array)
#23 /srv/code/vendor/illuminate/container/Container.php(256): Laravel\\Lumen\\Application->make('Laravel\\\\Lumen\\\\C...', Array)
#24 /srv/code/vendor/illuminate/container/Container.php(764): Illuminate\\Container\\Container->Illuminate\\Container\\{closure}(Object(Laravel\\Lumen\\Application), Array)
#25 /srv/code/vendor/illuminate/container/Container.php(646): Illuminate\\Container\\Container->build(Object(Closure))
#26 /srv/code/vendor/illuminate/container/Container.php(601): Illuminate\\Container\\Container->resolve('Illuminate\\\\Cont...', Array)
#27 /srv/code/vendor/laravel/lumen-framework/src/Application.php(223): Illuminate\\Container\\Container->make('Illuminate\\\\Cont...', Array)
#28 /srv/code/artisan(32): Laravel\\Lumen\\Application->make('Illuminate\\\\Cont...')
#29 {main}
"} 
[2018-07-08 13:59:31] production.ERROR: ReflectionException: Class redis does not exist in /srv/code/vendor/illuminate/container/Container.php:767
Stack trace:
#0 /srv/code/vendor/illuminate/container/Container.php(767): ReflectionClass->__construct('redis')
#1 /srv/code/vendor/illuminate/container/Container.php(646): Illuminate\Container\Container->build('redis')
#2 /srv/code/vendor/illuminate/container/Container.php(601): Illuminate\Container\Container->resolve('redis', Array)
#3 /srv/code/vendor/laravel/lumen-framework/src/Application.php(223): Illuminate\Container\Container->make('redis', Array)
#4 /srv/code/vendor/illuminate/container/Container.php(1210): Laravel\Lumen\Application->make('redis')
#5 /srv/code/vendor/illuminate/cache/CacheManager.php(195): Illuminate\Container\Container->offsetGet('redis')
#6 /srv/code/vendor/illuminate/cache/CacheManager.php(105): Illuminate\Cache\CacheManager->createRedisDriver(Array)
#7 /srv/code/vendor/illuminate/cache/CacheManager.php(80): Illuminate\Cache\CacheManager->resolve('redis')
#8 /srv/code/vendor/illuminate/cache/CacheManager.php(58): Illuminate\Cache\CacheManager->get('redis')
#9 /srv/code/vendor/illuminate/cache/CacheManager.php(69): Illuminate\Cache\CacheManager->store('redis')
#10 /srv/code/vendor/illuminate/cache/CacheServiceProvider.php(28): Illuminate\Cache\CacheManager->driver()
#11 /srv/code/vendor/illuminate/container/Container.php(764): Illuminate\Cache\CacheServiceProvider->Illuminate\Cache\{closure}(Object(Laravel\Lumen\Application), Array)
#12 /srv/code/vendor/illuminate/container/Container.php(646): Illuminate\Container\Container->build(Object(Closure))
#13 /srv/code/vendor/illuminate/container/Container.php(601): Illuminate\Container\Container->resolve('cache.store', Array)
#14 /srv/code/vendor/laravel/lumen-framework/src/Application.php(223): Illuminate\Container\Container->make('cache.store', Array)
#15 /srv/code/vendor/illuminate/container/Container.php(1210): Laravel\Lumen\Application->make('cache.store')
#16 /srv/code/vendor/laravel/lumen-framework/src/Console/Kernel.php(98): Illuminate\Container\Container->offsetGet('Illuminate\\Cont...')
#17 /srv/code/vendor/laravel/lumen-framework/src/Console/Kernel.php(61): Laravel\Lumen\Console\Kernel->defineConsoleSchedule()
#18 [internal function]: Laravel\Lumen\Console\Kernel->__construct(Object(Laravel\Lumen\Application))
#19 /srv/code/vendor/illuminate/container/Container.php(800): ReflectionClass->newInstanceArgs(Array)
#20 /srv/code/vendor/illuminate/container/Container.php(646): Illuminate\Container\Container->build('Laravel\\Lumen\\C...')
#21 /srv/code/vendor/illuminate/container/Container.php(601): Illuminate\Container\Container->resolve('Laravel\\Lumen\\C...', Array)
#22 /srv/code/vendor/laravel/lumen-framework/src/Application.php(223): Illuminate\Container\Container->make('Laravel\\Lumen\\C...', Array)
#23 /srv/code/vendor/illuminate/container/Container.php(256): Laravel\Lumen\Application->make('Laravel\\Lumen\\C...', Array)
#24 /srv/code/vendor/illuminate/container/Container.php(764): Illuminate\Container\Container->Illuminate\Container\{closure}(Object(Laravel\Lumen\Application), Array)
#25 /srv/code/vendor/illuminate/container/Container.php(646): Illuminate\Container\Container->build(Object(Closure))
#26 /srv/code/vendor/illuminate/container/Container.php(601): Illuminate\Container\Container->resolve('Illuminate\\Cont...', Array)
#27 /srv/code/vendor/laravel/lumen-framework/src/Application.php(223): Illuminate\Container\Container->make('Illuminate\\Cont...', Array)
#28 /srv/code/artisan(32): Laravel\Lumen\Application->make('Illuminate\\Cont...')
#29 {main} {"exception":"[object] (ReflectionException(code: -1): Class redis does not exist at /srv/code/vendor/illuminate/container/Container.php:767)
[stacktrace]
#0 /srv/code/vendor/illuminate/container/Container.php(767): ReflectionClass->__construct('redis')
#1 /srv/code/vendor/illuminate/container/Container.php(646): Illuminate\\Container\\Container->build('redis')
#2 /srv/code/vendor/illuminate/container/Container.php(601): Illuminate\\Container\\Container->resolve('redis', Array)
#3 /srv/code/vendor/laravel/lumen-framework/src/Application.php(223): Illuminate\\Container\\Container->make('redis', Array)
#4 /srv/code/vendor/illuminate/container/Container.php(1210): Laravel\\Lumen\\Application->make('redis')
#5 /srv/code/vendor/illuminate/cache/CacheManager.php(195): Illuminate\\Container\\Container->offsetGet('redis')
#6 /srv/code/vendor/illuminate/cache/CacheManager.php(105): Illuminate\\Cache\\CacheManager->createRedisDriver(Array)
#7 /srv/code/vendor/illuminate/cache/CacheManager.php(80): Illuminate\\Cache\\CacheManager->resolve('redis')
#8 /srv/code/vendor/illuminate/cache/CacheManager.php(58): Illuminate\\Cache\\CacheManager->get('redis')
#9 /srv/code/vendor/illuminate/cache/CacheManager.php(69): Illuminate\\Cache\\CacheManager->store('redis')
#10 /srv/code/vendor/illuminate/cache/CacheServiceProvider.php(28): Illuminate\\Cache\\CacheManager->driver()
#11 /srv/code/vendor/illuminate/container/Container.php(764): Illuminate\\Cache\\CacheServiceProvider->Illuminate\\Cache\\{closure}(Object(Laravel\\Lumen\\Application), Array)
#12 /srv/code/vendor/illuminate/container/Container.php(646): Illuminate\\Container\\Container->build(Object(Closure))
#13 /srv/code/vendor/illuminate/container/Container.php(601): Illuminate\\Container\\Container->resolve('cache.store', Array)
#14 /srv/code/vendor/laravel/lumen-framework/src/Application.php(223): Illuminate\\Container\\Container->make('cache.store', Array)
#15 /srv/code/vendor/illuminate/container/Container.php(1210): Laravel\\Lumen\\Application->make('cache.store')
#16 /srv/code/vendor/laravel/lumen-framework/src/Console/Kernel.php(98): Illuminate\\Container\\Container->offsetGet('Illuminate\\\\Cont...')
#17 /srv/code/vendor/laravel/lumen-framework/src/Console/Kernel.php(61): Laravel\\Lumen\\Console\\Kernel->defineConsoleSchedule()
#18 [internal function]: Laravel\\Lumen\\Console\\Kernel->__construct(Object(Laravel\\Lumen\\Application))
#19 /srv/code/vendor/illuminate/container/Container.php(800): ReflectionClass->newInstanceArgs(Array)
#20 /srv/code/vendor/illuminate/container/Container.php(646): Illuminate\\Container\\Container->build('Laravel\\\\Lumen\\\\C...')
#21 /srv/code/vendor/illuminate/container/Container.php(601): Illuminate\\Container\\Container->resolve('Laravel\\\\Lumen\\\\C...', Array)
#22 /srv/code/vendor/laravel/lumen-framework/src/Application.php(223): Illuminate\\Container\\Container->make('Laravel\\\\Lumen\\\\C...', Array)
#23 /srv/code/vendor/illuminate/container/Container.php(256): Laravel\\Lumen\\Application->make('Laravel\\\\Lumen\\\\C...', Array)
#24 /srv/code/vendor/illuminate/container/Container.php(764): Illuminate\\Container\\Container->Illuminate\\Container\\{closure}(Object(Laravel\\Lumen\\Application), Array)
#25 /srv/code/vendor/illuminate/container/Container.php(646): Illuminate\\Container\\Container->build(Object(Closure))
#26 /srv/code/vendor/illuminate/container/Container.php(601): Illuminate\\Container\\Container->resolve('Illuminate\\\\Cont...', Array)
#27 /srv/code/vendor/laravel/lumen-framework/src/Application.php(223): Illuminate\\Container\\Container->make('Illuminate\\\\Cont...', Array)
#28 /srv/code/artisan(32): Laravel\\Lumen\\Application->make('Illuminate\\\\Cont...')
#29 {main}
"} 
[2018-07-14 08:33:25] production.ERROR: ReflectionException: Class redis does not exist in /srv/code/vendor/illuminate/container/Container.php:767
Stack trace:
#0 /srv/code/vendor/illuminate/container/Container.php(767): ReflectionClass->__construct('redis')
#1 /srv/code/vendor/illuminate/container/Container.php(646): Illuminate\Container\Container->build('redis')
#2 /srv/code/vendor/illuminate/container/Container.php(601): Illuminate\Container\Container->resolve('redis', Array)
#3 /srv/code/vendor/laravel/lumen-framework/src/Application.php(223): Illuminate\Container\Container->make('redis', Array)
#4 /srv/code/vendor/illuminate/container/Container.php(1210): Laravel\Lumen\Application->make('redis')
#5 /srv/code/vendor/illuminate/cache/CacheManager.php(195): Illuminate\Container\Container->offsetGet('redis')
#6 /srv/code/vendor/illuminate/cache/CacheManager.php(105): Illuminate\Cache\CacheManager->createRedisDriver(Array)
#7 /srv/code/vendor/illuminate/cache/CacheManager.php(80): Illuminate\Cache\CacheManager->resolve('redis')
#8 /srv/code/vendor/illuminate/cache/CacheManager.php(58): Illuminate\Cache\CacheManager->get('redis')
#9 /srv/code/vendor/illuminate/cache/CacheManager.php(69): Illuminate\Cache\CacheManager->store('redis')
#10 /srv/code/vendor/illuminate/cache/CacheServiceProvider.php(28): Illuminate\Cache\CacheManager->driver()
#11 /srv/code/vendor/illuminate/container/Container.php(764): Illuminate\Cache\CacheServiceProvider->Illuminate\Cache\{closure}(Object(Laravel\Lumen\Application), Array)
#12 /srv/code/vendor/illuminate/container/Container.php(646): Illuminate\Container\Container->build(Object(Closure))
#13 /srv/code/vendor/illuminate/container/Container.php(601): Illuminate\Container\Container->resolve('cache.store', Array)
#14 /srv/code/vendor/laravel/lumen-framework/src/Application.php(223): Illuminate\Container\Container->make('cache.store', Array)
#15 /srv/code/vendor/illuminate/container/Container.php(1210): Laravel\Lumen\Application->make('cache.store')
#16 /srv/code/vendor/laravel/lumen-framework/src/Console/Kernel.php(98): Illuminate\Container\Container->offsetGet('Illuminate\\Cont...')
#17 /srv/code/vendor/laravel/lumen-framework/src/Console/Kernel.php(61): Laravel\Lumen\Console\Kernel->defineConsoleSchedule()
#18 [internal function]: Laravel\Lumen\Console\Kernel->__construct(Object(Laravel\Lumen\Application))
#19 /srv/code/vendor/illuminate/container/Container.php(800): ReflectionClass->newInstanceArgs(Array)
#20 /srv/code/vendor/illuminate/container/Container.php(646): Illuminate\Container\Container->build('Laravel\\Lumen\\C...')
#21 /srv/code/vendor/illuminate/container/Container.php(601): Illuminate\Container\Container->resolve('Laravel\\Lumen\\C...', Array)
#22 /srv/code/vendor/laravel/lumen-framework/src/Application.php(223): Illuminate\Container\Container->make('Laravel\\Lumen\\C...', Array)
#23 /srv/code/vendor/illuminate/container/Container.php(256): Laravel\Lumen\Application->make('Laravel\\Lumen\\C...', Array)
#24 /srv/code/vendor/illuminate/container/Container.php(764): Illuminate\Container\Container->Illuminate\Container\{closure}(Object(Laravel\Lumen\Application), Array)
#25 /srv/code/vendor/illuminate/container/Container.php(646): Illuminate\Container\Container->build(Object(Closure))
#26 /srv/code/vendor/illuminate/container/Container.php(601): Illuminate\Container\Container->resolve('Illuminate\\Cont...', Array)
#27 /srv/code/vendor/laravel/lumen-framework/src/Application.php(223): Illuminate\Container\Container->make('Illuminate\\Cont...', Array)
#28 /srv/code/artisan(32): Laravel\Lumen\Application->make('Illuminate\\Cont...')
#29 {main} {"exception":"[object] (ReflectionException(code: -1): Class redis does not exist at /srv/code/vendor/illuminate/container/Container.php:767)
[stacktrace]
#0 /srv/code/vendor/illuminate/container/Container.php(767): ReflectionClass->__construct('redis')
#1 /srv/code/vendor/illuminate/container/Container.php(646): Illuminate\\Container\\Container->build('redis')
#2 /srv/code/vendor/illuminate/container/Container.php(601): Illuminate\\Container\\Container->resolve('redis', Array)
#3 /srv/code/vendor/laravel/lumen-framework/src/Application.php(223): Illuminate\\Container\\Container->make('redis', Array)
#4 /srv/code/vendor/illuminate/container/Container.php(1210): Laravel\\Lumen\\Application->make('redis')
#5 /srv/code/vendor/illuminate/cache/CacheManager.php(195): Illuminate\\Container\\Container->offsetGet('redis')
#6 /srv/code/vendor/illuminate/cache/CacheManager.php(105): Illuminate\\Cache\\CacheManager->createRedisDriver(Array)
#7 /srv/code/vendor/illuminate/cache/CacheManager.php(80): Illuminate\\Cache\\CacheManager->resolve('redis')
#8 /srv/code/vendor/illuminate/cache/CacheManager.php(58): Illuminate\\Cache\\CacheManager->get('redis')
#9 /srv/code/vendor/illuminate/cache/CacheManager.php(69): Illuminate\\Cache\\CacheManager->store('redis')
#10 /srv/code/vendor/illuminate/cache/CacheServiceProvider.php(28): Illuminate\\Cache\\CacheManager->driver()
#11 /srv/code/vendor/illuminate/container/Container.php(764): Illuminate\\Cache\\CacheServiceProvider->Illuminate\\Cache\\{closure}(Object(Laravel\\Lumen\\Application), Array)
#12 /srv/code/vendor/illuminate/container/Container.php(646): Illuminate\\Container\\Container->build(Object(Closure))
#13 /srv/code/vendor/illuminate/container/Container.php(601): Illuminate\\Container\\Container->resolve('cache.store', Array)
#14 /srv/code/vendor/laravel/lumen-framework/src/Application.php(223): Illuminate\\Container\\Container->make('cache.store', Array)
#15 /srv/code/vendor/illuminate/container/Container.php(1210): Laravel\\Lumen\\Application->make('cache.store')
#16 /srv/code/vendor/laravel/lumen-framework/src/Console/Kernel.php(98): Illuminate\\Container\\Container->offsetGet('Illuminate\\\\Cont...')
#17 /srv/code/vendor/laravel/lumen-framework/src/Console/Kernel.php(61): Laravel\\Lumen\\Console\\Kernel->defineConsoleSchedule()
#18 [internal function]: Laravel\\Lumen\\Console\\Kernel->__construct(Object(Laravel\\Lumen\\Application))
#19 /srv/code/vendor/illuminate/container/Container.php(800): ReflectionClass->newInstanceArgs(Array)
#20 /srv/code/vendor/illuminate/container/Container.php(646): Illuminate\\Container\\Container->build('Laravel\\\\Lumen\\\\C...')
#21 /srv/code/vendor/illuminate/container/Container.php(601): Illuminate\\Container\\Container->resolve('Laravel\\\\Lumen\\\\C...', Array)
#22 /srv/code/vendor/laravel/lumen-framework/src/Application.php(223): Illuminate\\Container\\Container->make('Laravel\\\\Lumen\\\\C...', Array)
#23 /srv/code/vendor/illuminate/container/Container.php(256): Laravel\\Lumen\\Application->make('Laravel\\\\Lumen\\\\C...', Array)
#24 /srv/code/vendor/illuminate/container/Container.php(764): Illuminate\\Container\\Container->Illuminate\\Container\\{closure}(Object(Laravel\\Lumen\\Application), Array)
#25 /srv/code/vendor/illuminate/container/Container.php(646): Illuminate\\Container\\Container->build(Object(Closure))
#26 /srv/code/vendor/illuminate/container/Container.php(601): Illuminate\\Container\\Container->resolve('Illuminate\\\\Cont...', Array)
#27 /srv/code/vendor/laravel/lumen-framework/src/Application.php(223): Illuminate\\Container\\Container->make('Illuminate\\\\Cont...', Array)
#28 /srv/code/artisan(32): Laravel\\Lumen\\Application->make('Illuminate\\\\Cont...')
#29 {main}
"} 
[2018-07-14 08:33:26] production.ERROR: ReflectionException: Class redis does not exist in /srv/code/vendor/illuminate/container/Container.php:767
Stack trace:
#0 /srv/code/vendor/illuminate/container/Container.php(767): ReflectionClass->__construct('redis')
#1 /srv/code/vendor/illuminate/container/Container.php(646): Illuminate\Container\Container->build('redis')
#2 /srv/code/vendor/illuminate/container/Container.php(601): Illuminate\Container\Container->resolve('redis', Array)
#3 /srv/code/vendor/laravel/lumen-framework/src/Application.php(223): Illuminate\Container\Container->make('redis', Array)
#4 /srv/code/vendor/illuminate/container/Container.php(1210): Laravel\Lumen\Application->make('redis')
#5 /srv/code/vendor/illuminate/cache/CacheManager.php(195): Illuminate\Container\Container->offsetGet('redis')
#6 /srv/code/vendor/illuminate/cache/CacheManager.php(105): Illuminate\Cache\CacheManager->createRedisDriver(Array)
#7 /srv/code/vendor/illuminate/cache/CacheManager.php(80): Illuminate\Cache\CacheManager->resolve('redis')
#8 /srv/code/vendor/illuminate/cache/CacheManager.php(58): Illuminate\Cache\CacheManager->get('redis')
#9 /srv/code/vendor/illuminate/cache/CacheManager.php(69): Illuminate\Cache\CacheManager->store('redis')
#10 /srv/code/vendor/illuminate/cache/CacheServiceProvider.php(28): Illuminate\Cache\CacheManager->driver()
#11 /srv/code/vendor/illuminate/container/Container.php(764): Illuminate\Cache\CacheServiceProvider->Illuminate\Cache\{closure}(Object(Laravel\Lumen\Application), Array)
#12 /srv/code/vendor/illuminate/container/Container.php(646): Illuminate\Container\Container->build(Object(Closure))
#13 /srv/code/vendor/illuminate/container/Container.php(601): Illuminate\Container\Container->resolve('cache.store', Array)
#14 /srv/code/vendor/laravel/lumen-framework/src/Application.php(223): Illuminate\Container\Container->make('cache.store', Array)
#15 /srv/code/vendor/illuminate/container/Container.php(1210): Laravel\Lumen\Application->make('cache.store')
#16 /srv/code/vendor/laravel/lumen-framework/src/Console/Kernel.php(98): Illuminate\Container\Container->offsetGet('Illuminate\\Cont...')
#17 /srv/code/vendor/laravel/lumen-framework/src/Console/Kernel.php(61): Laravel\Lumen\Console\Kernel->defineConsoleSchedule()
#18 [internal function]: Laravel\Lumen\Console\Kernel->__construct(Object(Laravel\Lumen\Application))
#19 /srv/code/vendor/illuminate/container/Container.php(800): ReflectionClass->newInstanceArgs(Array)
#20 /srv/code/vendor/illuminate/container/Container.php(646): Illuminate\Container\Container->build('Laravel\\Lumen\\C...')
#21 /srv/code/vendor/illuminate/container/Container.php(601): Illuminate\Container\Container->resolve('Laravel\\Lumen\\C...', Array)
#22 /srv/code/vendor/laravel/lumen-framework/src/Application.php(223): Illuminate\Container\Container->make('Laravel\\Lumen\\C...', Array)
#23 /srv/code/vendor/illuminate/container/Container.php(256): Laravel\Lumen\Application->make('Laravel\\Lumen\\C...', Array)
#24 /srv/code/vendor/illuminate/container/Container.php(764): Illuminate\Container\Container->Illuminate\Container\{closure}(Object(Laravel\Lumen\Application), Array)
#25 /srv/code/vendor/illuminate/container/Container.php(646): Illuminate\Container\Container->build(Object(Closure))
#26 /srv/code/vendor/illuminate/container/Container.php(601): Illuminate\Container\Container->resolve('Illuminate\\Cont...', Array)
#27 /srv/code/vendor/laravel/lumen-framework/src/Application.php(223): Illuminate\Container\Container->make('Illuminate\\Cont...', Array)
#28 /srv/code/artisan(32): Laravel\Lumen\Application->make('Illuminate\\Cont...')
#29 {main} {"exception":"[object] (ReflectionException(code: -1): Class redis does not exist at /srv/code/vendor/illuminate/container/Container.php:767)
[stacktrace]
#0 /srv/code/vendor/illuminate/container/Container.php(767): ReflectionClass->__construct('redis')
#1 /srv/code/vendor/illuminate/container/Container.php(646): Illuminate\\Container\\Container->build('redis')
#2 /srv/code/vendor/illuminate/container/Container.php(601): Illuminate\\Container\\Container->resolve('redis', Array)
#3 /srv/code/vendor/laravel/lumen-framework/src/Application.php(223): Illuminate\\Container\\Container->make('redis', Array)
#4 /srv/code/vendor/illuminate/container/Container.php(1210): Laravel\\Lumen\\Application->make('redis')
#5 /srv/code/vendor/illuminate/cache/CacheManager.php(195): Illuminate\\Container\\Container->offsetGet('redis')
#6 /srv/code/vendor/illuminate/cache/CacheManager.php(105): Illuminate\\Cache\\CacheManager->createRedisDriver(Array)
#7 /srv/code/vendor/illuminate/cache/CacheManager.php(80): Illuminate\\Cache\\CacheManager->resolve('redis')
#8 /srv/code/vendor/illuminate/cache/CacheManager.php(58): Illuminate\\Cache\\CacheManager->get('redis')
#9 /srv/code/vendor/illuminate/cache/CacheManager.php(69): Illuminate\\Cache\\CacheManager->store('redis')
#10 /srv/code/vendor/illuminate/cache/CacheServiceProvider.php(28): Illuminate\\Cache\\CacheManager->driver()
#11 /srv/code/vendor/illuminate/container/Container.php(764): Illuminate\\Cache\\CacheServiceProvider->Illuminate\\Cache\\{closure}(Object(Laravel\\Lumen\\Application), Array)
#12 /srv/code/vendor/illuminate/container/Container.php(646): Illuminate\\Container\\Container->build(Object(Closure))
#13 /srv/code/vendor/illuminate/container/Container.php(601): Illuminate\\Container\\Container->resolve('cache.store', Array)
#14 /srv/code/vendor/laravel/lumen-framework/src/Application.php(223): Illuminate\\Container\\Container->make('cache.store', Array)
#15 /srv/code/vendor/illuminate/container/Container.php(1210): Laravel\\Lumen\\Application->make('cache.store')
#16 /srv/code/vendor/laravel/lumen-framework/src/Console/Kernel.php(98): Illuminate\\Container\\Container->offsetGet('Illuminate\\\\Cont...')
#17 /srv/code/vendor/laravel/lumen-framework/src/Console/Kernel.php(61): Laravel\\Lumen\\Console\\Kernel->defineConsoleSchedule()
#18 [internal function]: Laravel\\Lumen\\Console\\Kernel->__construct(Object(Laravel\\Lumen\\Application))
#19 /srv/code/vendor/illuminate/container/Container.php(800): ReflectionClass->newInstanceArgs(Array)
#20 /srv/code/vendor/illuminate/container/Container.php(646): Illuminate\\Container\\Container->build('Laravel\\\\Lumen\\\\C...')
#21 /srv/code/vendor/illuminate/container/Container.php(601): Illuminate\\Container\\Container->resolve('Laravel\\\\Lumen\\\\C...', Array)
#22 /srv/code/vendor/laravel/lumen-framework/src/Application.php(223): Illuminate\\Container\\Container->make('Laravel\\\\Lumen\\\\C...', Array)
#23 /srv/code/vendor/illuminate/container/Container.php(256): Laravel\\Lumen\\Application->make('Laravel\\\\Lumen\\\\C...', Array)
#24 /srv/code/vendor/illuminate/container/Container.php(764): Illuminate\\Container\\Container->Illuminate\\Container\\{closure}(Object(Laravel\\Lumen\\Application), Array)
#25 /srv/code/vendor/illuminate/container/Container.php(646): Illuminate\\Container\\Container->build(Object(Closure))
#26 /srv/code/vendor/illuminate/container/Container.php(601): Illuminate\\Container\\Container->resolve('Illuminate\\\\Cont...', Array)
#27 /srv/code/vendor/laravel/lumen-framework/src/Application.php(223): Illuminate\\Container\\Container->make('Illuminate\\\\Cont...', Array)
#28 /srv/code/artisan(32): Laravel\\Lumen\\Application->make('Illuminate\\\\Cont...')
#29 {main}
"} 
[2018-07-14 09:26:23] production.ERROR: ReflectionException: Class redis does not exist in /srv/code/vendor/illuminate/container/Container.php:767
Stack trace:
#0 /srv/code/vendor/illuminate/container/Container.php(767): ReflectionClass->__construct('redis')
#1 /srv/code/vendor/illuminate/container/Container.php(646): Illuminate\Container\Container->build('redis')
#2 /srv/code/vendor/illuminate/container/Container.php(601): Illuminate\Container\Container->resolve('redis', Array)
#3 /srv/code/vendor/laravel/lumen-framework/src/Application.php(223): Illuminate\Container\Container->make('redis', Array)
#4 /srv/code/vendor/illuminate/container/Container.php(1210): Laravel\Lumen\Application->make('redis')
#5 /srv/code/vendor/illuminate/cache/CacheManager.php(195): Illuminate\Container\Container->offsetGet('redis')
#6 /srv/code/vendor/illuminate/cache/CacheManager.php(105): Illuminate\Cache\CacheManager->createRedisDriver(Array)
#7 /srv/code/vendor/illuminate/cache/CacheManager.php(80): Illuminate\Cache\CacheManager->resolve('redis')
#8 /srv/code/vendor/illuminate/cache/CacheManager.php(58): Illuminate\Cache\CacheManager->get('redis')
#9 /srv/code/vendor/illuminate/cache/CacheManager.php(69): Illuminate\Cache\CacheManager->store('redis')
#10 /srv/code/vendor/illuminate/cache/CacheServiceProvider.php(28): Illuminate\Cache\CacheManager->driver()
#11 /srv/code/vendor/illuminate/container/Container.php(764): Illuminate\Cache\CacheServiceProvider->Illuminate\Cache\{closure}(Object(Laravel\Lumen\Application), Array)
#12 /srv/code/vendor/illuminate/container/Container.php(646): Illuminate\Container\Container->build(Object(Closure))
#13 /srv/code/vendor/illuminate/container/Container.php(601): Illuminate\Container\Container->resolve('cache.store', Array)
#14 /srv/code/vendor/laravel/lumen-framework/src/Application.php(223): Illuminate\Container\Container->make('cache.store', Array)
#15 /srv/code/vendor/illuminate/container/Container.php(1210): Laravel\Lumen\Application->make('cache.store')
#16 /srv/code/vendor/laravel/lumen-framework/src/Console/Kernel.php(98): Illuminate\Container\Container->offsetGet('Illuminate\\Cont...')
#17 /srv/code/vendor/laravel/lumen-framework/src/Console/Kernel.php(61): Laravel\Lumen\Console\Kernel->defineConsoleSchedule()
#18 [internal function]: Laravel\Lumen\Console\Kernel->__construct(Object(Laravel\Lumen\Application))
#19 /srv/code/vendor/illuminate/container/Container.php(800): ReflectionClass->newInstanceArgs(Array)
#20 /srv/code/vendor/illuminate/container/Container.php(646): Illuminate\Container\Container->build('Laravel\\Lumen\\C...')
#21 /srv/code/vendor/illuminate/container/Container.php(601): Illuminate\Container\Container->resolve('Laravel\\Lumen\\C...', Array)
#22 /srv/code/vendor/laravel/lumen-framework/src/Application.php(223): Illuminate\Container\Container->make('Laravel\\Lumen\\C...', Array)
#23 /srv/code/vendor/illuminate/container/Container.php(256): Laravel\Lumen\Application->make('Laravel\\Lumen\\C...', Array)
#24 /srv/code/vendor/illuminate/container/Container.php(764): Illuminate\Container\Container->Illuminate\Container\{closure}(Object(Laravel\Lumen\Application), Array)
#25 /srv/code/vendor/illuminate/container/Container.php(646): Illuminate\Container\Container->build(Object(Closure))
#26 /srv/code/vendor/illuminate/container/Container.php(601): Illuminate\Container\Container->resolve('Illuminate\\Cont...', Array)
#27 /srv/code/vendor/laravel/lumen-framework/src/Application.php(223): Illuminate\Container\Container->make('Illuminate\\Cont...', Array)
#28 /srv/code/artisan(32): Laravel\Lumen\Application->make('Illuminate\\Cont...')
#29 {main} {"exception":"[object] (ReflectionException(code: -1): Class redis does not exist at /srv/code/vendor/illuminate/container/Container.php:767)
[stacktrace]
#0 /srv/code/vendor/illuminate/container/Container.php(767): ReflectionClass->__construct('redis')
#1 /srv/code/vendor/illuminate/container/Container.php(646): Illuminate\\Container\\Container->build('redis')
#2 /srv/code/vendor/illuminate/container/Container.php(601): Illuminate\\Container\\Container->resolve('redis', Array)
#3 /srv/code/vendor/laravel/lumen-framework/src/Application.php(223): Illuminate\\Container\\Container->make('redis', Array)
#4 /srv/code/vendor/illuminate/container/Container.php(1210): Laravel\\Lumen\\Application->make('redis')
#5 /srv/code/vendor/illuminate/cache/CacheManager.php(195): Illuminate\\Container\\Container->offsetGet('redis')
#6 /srv/code/vendor/illuminate/cache/CacheManager.php(105): Illuminate\\Cache\\CacheManager->createRedisDriver(Array)
#7 /srv/code/vendor/illuminate/cache/CacheManager.php(80): Illuminate\\Cache\\CacheManager->resolve('redis')
#8 /srv/code/vendor/illuminate/cache/CacheManager.php(58): Illuminate\\Cache\\CacheManager->get('redis')
#9 /srv/code/vendor/illuminate/cache/CacheManager.php(69): Illuminate\\Cache\\CacheManager->store('redis')
#10 /srv/code/vendor/illuminate/cache/CacheServiceProvider.php(28): Illuminate\\Cache\\CacheManager->driver()
#11 /srv/code/vendor/illuminate/container/Container.php(764): Illuminate\\Cache\\CacheServiceProvider->Illuminate\\Cache\\{closure}(Object(Laravel\\Lumen\\Application), Array)
#12 /srv/code/vendor/illuminate/container/Container.php(646): Illuminate\\Container\\Container->build(Object(Closure))
#13 /srv/code/vendor/illuminate/container/Container.php(601): Illuminate\\Container\\Container->resolve('cache.store', Array)
#14 /srv/code/vendor/laravel/lumen-framework/src/Application.php(223): Illuminate\\Container\\Container->make('cache.store', Array)
#15 /srv/code/vendor/illuminate/container/Container.php(1210): Laravel\\Lumen\\Application->make('cache.store')
#16 /srv/code/vendor/laravel/lumen-framework/src/Console/Kernel.php(98): Illuminate\\Container\\Container->offsetGet('Illuminate\\\\Cont...')
#17 /srv/code/vendor/laravel/lumen-framework/src/Console/Kernel.php(61): Laravel\\Lumen\\Console\\Kernel->defineConsoleSchedule()
#18 [internal function]: Laravel\\Lumen\\Console\\Kernel->__construct(Object(Laravel\\Lumen\\Application))
#19 /srv/code/vendor/illuminate/container/Container.php(800): ReflectionClass->newInstanceArgs(Array)
#20 /srv/code/vendor/illuminate/container/Container.php(646): Illuminate\\Container\\Container->build('Laravel\\\\Lumen\\\\C...')
#21 /srv/code/vendor/illuminate/container/Container.php(601): Illuminate\\Container\\Container->resolve('Laravel\\\\Lumen\\\\C...', Array)
#22 /srv/code/vendor/laravel/lumen-framework/src/Application.php(223): Illuminate\\Container\\Container->make('Laravel\\\\Lumen\\\\C...', Array)
#23 /srv/code/vendor/illuminate/container/Container.php(256): Laravel\\Lumen\\Application->make('Laravel\\\\Lumen\\\\C...', Array)
#24 /srv/code/vendor/illuminate/container/Container.php(764): Illuminate\\Container\\Container->Illuminate\\Container\\{closure}(Object(Laravel\\Lumen\\Application), Array)
#25 /srv/code/vendor/illuminate/container/Container.php(646): Illuminate\\Container\\Container->build(Object(Closure))
#26 /srv/code/vendor/illuminate/container/Container.php(601): Illuminate\\Container\\Container->resolve('Illuminate\\\\Cont...', Array)
#27 /srv/code/vendor/laravel/lumen-framework/src/Application.php(223): Illuminate\\Container\\Container->make('Illuminate\\\\Cont...', Array)
#28 /srv/code/artisan(32): Laravel\\Lumen\\Application->make('Illuminate\\\\Cont...')
#29 {main}
"} 
[2018-07-14 09:26:24] production.ERROR: ReflectionException: Class redis does not exist in /srv/code/vendor/illuminate/container/Container.php:767
Stack trace:
#0 /srv/code/vendor/illuminate/container/Container.php(767): ReflectionClass->__construct('redis')
#1 /srv/code/vendor/illuminate/container/Container.php(646): Illuminate\Container\Container->build('redis')
#2 /srv/code/vendor/illuminate/container/Container.php(601): Illuminate\Container\Container->resolve('redis', Array)
#3 /srv/code/vendor/laravel/lumen-framework/src/Application.php(223): Illuminate\Container\Container->make('redis', Array)
#4 /srv/code/vendor/illuminate/container/Container.php(1210): Laravel\Lumen\Application->make('redis')
#5 /srv/code/vendor/illuminate/cache/CacheManager.php(195): Illuminate\Container\Container->offsetGet('redis')
#6 /srv/code/vendor/illuminate/cache/CacheManager.php(105): Illuminate\Cache\CacheManager->createRedisDriver(Array)
#7 /srv/code/vendor/illuminate/cache/CacheManager.php(80): Illuminate\Cache\CacheManager->resolve('redis')
#8 /srv/code/vendor/illuminate/cache/CacheManager.php(58): Illuminate\Cache\CacheManager->get('redis')
#9 /srv/code/vendor/illuminate/cache/CacheManager.php(69): Illuminate\Cache\CacheManager->store('redis')
#10 /srv/code/vendor/illuminate/cache/CacheServiceProvider.php(28): Illuminate\Cache\CacheManager->driver()
#11 /srv/code/vendor/illuminate/container/Container.php(764): Illuminate\Cache\CacheServiceProvider->Illuminate\Cache\{closure}(Object(Laravel\Lumen\Application), Array)
#12 /srv/code/vendor/illuminate/container/Container.php(646): Illuminate\Container\Container->build(Object(Closure))
#13 /srv/code/vendor/illuminate/container/Container.php(601): Illuminate\Container\Container->resolve('cache.store', Array)
#14 /srv/code/vendor/laravel/lumen-framework/src/Application.php(223): Illuminate\Container\Container->make('cache.store', Array)
#15 /srv/code/vendor/illuminate/container/Container.php(1210): Laravel\Lumen\Application->make('cache.store')
#16 /srv/code/vendor/laravel/lumen-framework/src/Console/Kernel.php(98): Illuminate\Container\Container->offsetGet('Illuminate\\Cont...')
#17 /srv/code/vendor/laravel/lumen-framework/src/Console/Kernel.php(61): Laravel\Lumen\Console\Kernel->defineConsoleSchedule()
#18 [internal function]: Laravel\Lumen\Console\Kernel->__construct(Object(Laravel\Lumen\Application))
#19 /srv/code/vendor/illuminate/container/Container.php(800): ReflectionClass->newInstanceArgs(Array)
#20 /srv/code/vendor/illuminate/container/Container.php(646): Illuminate\Container\Container->build('Laravel\\Lumen\\C...')
#21 /srv/code/vendor/illuminate/container/Container.php(601): Illuminate\Container\Container->resolve('Laravel\\Lumen\\C...', Array)
#22 /srv/code/vendor/laravel/lumen-framework/src/Application.php(223): Illuminate\Container\Container->make('Laravel\\Lumen\\C...', Array)
#23 /srv/code/vendor/illuminate/container/Container.php(256): Laravel\Lumen\Application->make('Laravel\\Lumen\\C...', Array)
#24 /srv/code/vendor/illuminate/container/Container.php(764): Illuminate\Container\Container->Illuminate\Container\{closure}(Object(Laravel\Lumen\Application), Array)
#25 /srv/code/vendor/illuminate/container/Container.php(646): Illuminate\Container\Container->build(Object(Closure))
#26 /srv/code/vendor/illuminate/container/Container.php(601): Illuminate\Container\Container->resolve('Illuminate\\Cont...', Array)
#27 /srv/code/vendor/laravel/lumen-framework/src/Application.php(223): Illuminate\Container\Container->make('Illuminate\\Cont...', Array)
#28 /srv/code/artisan(32): Laravel\Lumen\Application->make('Illuminate\\Cont...')
#29 {main} {"exception":"[object] (ReflectionException(code: -1): Class redis does not exist at /srv/code/vendor/illuminate/container/Container.php:767)
[stacktrace]
#0 /srv/code/vendor/illuminate/container/Container.php(767): ReflectionClass->__construct('redis')
#1 /srv/code/vendor/illuminate/container/Container.php(646): Illuminate\\Container\\Container->build('redis')
#2 /srv/code/vendor/illuminate/container/Container.php(601): Illuminate\\Container\\Container->resolve('redis', Array)
#3 /srv/code/vendor/laravel/lumen-framework/src/Application.php(223): Illuminate\\Container\\Container->make('redis', Array)
#4 /srv/code/vendor/illuminate/container/Container.php(1210): Laravel\\Lumen\\Application->make('redis')
#5 /srv/code/vendor/illuminate/cache/CacheManager.php(195): Illuminate\\Container\\Container->offsetGet('redis')
#6 /srv/code/vendor/illuminate/cache/CacheManager.php(105): Illuminate\\Cache\\CacheManager->createRedisDriver(Array)
#7 /srv/code/vendor/illuminate/cache/CacheManager.php(80): Illuminate\\Cache\\CacheManager->resolve('redis')
#8 /srv/code/vendor/illuminate/cache/CacheManager.php(58): Illuminate\\Cache\\CacheManager->get('redis')
#9 /srv/code/vendor/illuminate/cache/CacheManager.php(69): Illuminate\\Cache\\CacheManager->store('redis')
#10 /srv/code/vendor/illuminate/cache/CacheServiceProvider.php(28): Illuminate\\Cache\\CacheManager->driver()
#11 /srv/code/vendor/illuminate/container/Container.php(764): Illuminate\\Cache\\CacheServiceProvider->Illuminate\\Cache\\{closure}(Object(Laravel\\Lumen\\Application), Array)
#12 /srv/code/vendor/illuminate/container/Container.php(646): Illuminate\\Container\\Container->build(Object(Closure))
#13 /srv/code/vendor/illuminate/container/Container.php(601): Illuminate\\Container\\Container->resolve('cache.store', Array)
#14 /srv/code/vendor/laravel/lumen-framework/src/Application.php(223): Illuminate\\Container\\Container->make('cache.store', Array)
#15 /srv/code/vendor/illuminate/container/Container.php(1210): Laravel\\Lumen\\Application->make('cache.store')
#16 /srv/code/vendor/laravel/lumen-framework/src/Console/Kernel.php(98): Illuminate\\Container\\Container->offsetGet('Illuminate\\\\Cont...')
#17 /srv/code/vendor/laravel/lumen-framework/src/Console/Kernel.php(61): Laravel\\Lumen\\Console\\Kernel->defineConsoleSchedule()
#18 [internal function]: Laravel\\Lumen\\Console\\Kernel->__construct(Object(Laravel\\Lumen\\Application))
#19 /srv/code/vendor/illuminate/container/Container.php(800): ReflectionClass->newInstanceArgs(Array)
#20 /srv/code/vendor/illuminate/container/Container.php(646): Illuminate\\Container\\Container->build('Laravel\\\\Lumen\\\\C...')
#21 /srv/code/vendor/illuminate/container/Container.php(601): Illuminate\\Container\\Container->resolve('Laravel\\\\Lumen\\\\C...', Array)
#22 /srv/code/vendor/laravel/lumen-framework/src/Application.php(223): Illuminate\\Container\\Container->make('Laravel\\\\Lumen\\\\C...', Array)
#23 /srv/code/vendor/illuminate/container/Container.php(256): Laravel\\Lumen\\Application->make('Laravel\\\\Lumen\\\\C...', Array)
#24 /srv/code/vendor/illuminate/container/Container.php(764): Illuminate\\Container\\Container->Illuminate\\Container\\{closure}(Object(Laravel\\Lumen\\Application), Array)
#25 /srv/code/vendor/illuminate/container/Container.php(646): Illuminate\\Container\\Container->build(Object(Closure))
#26 /srv/code/vendor/illuminate/container/Container.php(601): Illuminate\\Container\\Container->resolve('Illuminate\\\\Cont...', Array)
#27 /srv/code/vendor/laravel/lumen-framework/src/Application.php(223): Illuminate\\Container\\Container->make('Illuminate\\\\Cont...', Array)
#28 /srv/code/artisan(32): Laravel\\Lumen\\Application->make('Illuminate\\\\Cont...')
#29 {main}
"} 
[2018-07-21 15:08:54] production.ERROR: ReflectionException: Class redis does not exist in /srv/code/vendor/illuminate/container/Container.php:767
Stack trace:
#0 /srv/code/vendor/illuminate/container/Container.php(767): ReflectionClass->__construct('redis')
#1 /srv/code/vendor/illuminate/container/Container.php(646): Illuminate\Container\Container->build('redis')
#2 /srv/code/vendor/illuminate/container/Container.php(601): Illuminate\Container\Container->resolve('redis', Array)
#3 /srv/code/vendor/laravel/lumen-framework/src/Application.php(223): Illuminate\Container\Container->make('redis', Array)
#4 /srv/code/vendor/illuminate/container/Container.php(1210): Laravel\Lumen\Application->make('redis')
#5 /srv/code/vendor/illuminate/cache/CacheManager.php(195): Illuminate\Container\Container->offsetGet('redis')
#6 /srv/code/vendor/illuminate/cache/CacheManager.php(105): Illuminate\Cache\CacheManager->createRedisDriver(Array)
#7 /srv/code/vendor/illuminate/cache/CacheManager.php(80): Illuminate\Cache\CacheManager->resolve('redis')
#8 /srv/code/vendor/illuminate/cache/CacheManager.php(58): Illuminate\Cache\CacheManager->get('redis')
#9 /srv/code/vendor/illuminate/cache/CacheManager.php(69): Illuminate\Cache\CacheManager->store('redis')
#10 /srv/code/vendor/illuminate/cache/CacheServiceProvider.php(28): Illuminate\Cache\CacheManager->driver()
#11 /srv/code/vendor/illuminate/container/Container.php(764): Illuminate\Cache\CacheServiceProvider->Illuminate\Cache\{closure}(Object(Laravel\Lumen\Application), Array)
#12 /srv/code/vendor/illuminate/container/Container.php(646): Illuminate\Container\Container->build(Object(Closure))
#13 /srv/code/vendor/illuminate/container/Container.php(601): Illuminate\Container\Container->resolve('cache.store', Array)
#14 /srv/code/vendor/laravel/lumen-framework/src/Application.php(223): Illuminate\Container\Container->make('cache.store', Array)
#15 /srv/code/vendor/illuminate/container/Container.php(1210): Laravel\Lumen\Application->make('cache.store')
#16 /srv/code/vendor/laravel/lumen-framework/src/Console/Kernel.php(98): Illuminate\Container\Container->offsetGet('Illuminate\\Cont...')
#17 /srv/code/vendor/laravel/lumen-framework/src/Console/Kernel.php(61): Laravel\Lumen\Console\Kernel->defineConsoleSchedule()
#18 [internal function]: Laravel\Lumen\Console\Kernel->__construct(Object(Laravel\Lumen\Application))
#19 /srv/code/vendor/illuminate/container/Container.php(800): ReflectionClass->newInstanceArgs(Array)
#20 /srv/code/vendor/illuminate/container/Container.php(646): Illuminate\Container\Container->build('Laravel\\Lumen\\C...')
#21 /srv/code/vendor/illuminate/container/Container.php(601): Illuminate\Container\Container->resolve('Laravel\\Lumen\\C...', Array)
#22 /srv/code/vendor/laravel/lumen-framework/src/Application.php(223): Illuminate\Container\Container->make('Laravel\\Lumen\\C...', Array)
#23 /srv/code/vendor/illuminate/container/Container.php(256): Laravel\Lumen\Application->make('Laravel\\Lumen\\C...', Array)
#24 /srv/code/vendor/illuminate/container/Container.php(764): Illuminate\Container\Container->Illuminate\Container\{closure}(Object(Laravel\Lumen\Application), Array)
#25 /srv/code/vendor/illuminate/container/Container.php(646): Illuminate\Container\Container->build(Object(Closure))
#26 /srv/code/vendor/illuminate/container/Container.php(601): Illuminate\Container\Container->resolve('Illuminate\\Cont...', Array)
#27 /srv/code/vendor/laravel/lumen-framework/src/Application.php(223): Illuminate\Container\Container->make('Illuminate\\Cont...', Array)
#28 /srv/code/artisan(32): Laravel\Lumen\Application->make('Illuminate\\Cont...')
#29 {main} {"exception":"[object] (ReflectionException(code: -1): Class redis does not exist at /srv/code/vendor/illuminate/container/Container.php:767)
[stacktrace]
#0 /srv/code/vendor/illuminate/container/Container.php(767): ReflectionClass->__construct('redis')
#1 /srv/code/vendor/illuminate/container/Container.php(646): Illuminate\\Container\\Container->build('redis')
#2 /srv/code/vendor/illuminate/container/Container.php(601): Illuminate\\Container\\Container->resolve('redis', Array)
#3 /srv/code/vendor/laravel/lumen-framework/src/Application.php(223): Illuminate\\Container\\Container->make('redis', Array)
#4 /srv/code/vendor/illuminate/container/Container.php(1210): Laravel\\Lumen\\Application->make('redis')
#5 /srv/code/vendor/illuminate/cache/CacheManager.php(195): Illuminate\\Container\\Container->offsetGet('redis')
#6 /srv/code/vendor/illuminate/cache/CacheManager.php(105): Illuminate\\Cache\\CacheManager->createRedisDriver(Array)
#7 /srv/code/vendor/illuminate/cache/CacheManager.php(80): Illuminate\\Cache\\CacheManager->resolve('redis')
#8 /srv/code/vendor/illuminate/cache/CacheManager.php(58): Illuminate\\Cache\\CacheManager->get('redis')
#9 /srv/code/vendor/illuminate/cache/CacheManager.php(69): Illuminate\\Cache\\CacheManager->store('redis')
#10 /srv/code/vendor/illuminate/cache/CacheServiceProvider.php(28): Illuminate\\Cache\\CacheManager->driver()
#11 /srv/code/vendor/illuminate/container/Container.php(764): Illuminate\\Cache\\CacheServiceProvider->Illuminate\\Cache\\{closure}(Object(Laravel\\Lumen\\Application), Array)
#12 /srv/code/vendor/illuminate/container/Container.php(646): Illuminate\\Container\\Container->build(Object(Closure))
#13 /srv/code/vendor/illuminate/container/Container.php(601): Illuminate\\Container\\Container->resolve('cache.store', Array)
#14 /srv/code/vendor/laravel/lumen-framework/src/Application.php(223): Illuminate\\Container\\Container->make('cache.store', Array)
#15 /srv/code/vendor/illuminate/container/Container.php(1210): Laravel\\Lumen\\Application->make('cache.store')
#16 /srv/code/vendor/laravel/lumen-framework/src/Console/Kernel.php(98): Illuminate\\Container\\Container->offsetGet('Illuminate\\\\Cont...')
#17 /srv/code/vendor/laravel/lumen-framework/src/Console/Kernel.php(61): Laravel\\Lumen\\Console\\Kernel->defineConsoleSchedule()
#18 [internal function]: Laravel\\Lumen\\Console\\Kernel->__construct(Object(Laravel\\Lumen\\Application))
#19 /srv/code/vendor/illuminate/container/Container.php(800): ReflectionClass->newInstanceArgs(Array)
#20 /srv/code/vendor/illuminate/container/Container.php(646): Illuminate\\Container\\Container->build('Laravel\\\\Lumen\\\\C...')
#21 /srv/code/vendor/illuminate/container/Container.php(601): Illuminate\\Container\\Container->resolve('Laravel\\\\Lumen\\\\C...', Array)
#22 /srv/code/vendor/laravel/lumen-framework/src/Application.php(223): Illuminate\\Container\\Container->make('Laravel\\\\Lumen\\\\C...', Array)
#23 /srv/code/vendor/illuminate/container/Container.php(256): Laravel\\Lumen\\Application->make('Laravel\\\\Lumen\\\\C...', Array)
#24 /srv/code/vendor/illuminate/container/Container.php(764): Illuminate\\Container\\Container->Illuminate\\Container\\{closure}(Object(Laravel\\Lumen\\Application), Array)
#25 /srv/code/vendor/illuminate/container/Container.php(646): Illuminate\\Container\\Container->build(Object(Closure))
#26 /srv/code/vendor/illuminate/container/Container.php(601): Illuminate\\Container\\Container->resolve('Illuminate\\\\Cont...', Array)
#27 /srv/code/vendor/laravel/lumen-framework/src/Application.php(223): Illuminate\\Container\\Container->make('Illuminate\\\\Cont...', Array)
#28 /srv/code/artisan(32): Laravel\\Lumen\\Application->make('Illuminate\\\\Cont...')
#29 {main}
"} 
[2018-07-21 15:08:55] production.ERROR: ReflectionException: Class redis does not exist in /srv/code/vendor/illuminate/container/Container.php:767
Stack trace:
#0 /srv/code/vendor/illuminate/container/Container.php(767): ReflectionClass->__construct('redis')
#1 /srv/code/vendor/illuminate/container/Container.php(646): Illuminate\Container\Container->build('redis')
#2 /srv/code/vendor/illuminate/container/Container.php(601): Illuminate\Container\Container->resolve('redis', Array)
#3 /srv/code/vendor/laravel/lumen-framework/src/Application.php(223): Illuminate\Container\Container->make('redis', Array)
#4 /srv/code/vendor/illuminate/container/Container.php(1210): Laravel\Lumen\Application->make('redis')
#5 /srv/code/vendor/illuminate/cache/CacheManager.php(195): Illuminate\Container\Container->offsetGet('redis')
#6 /srv/code/vendor/illuminate/cache/CacheManager.php(105): Illuminate\Cache\CacheManager->createRedisDriver(Array)
#7 /srv/code/vendor/illuminate/cache/CacheManager.php(80): Illuminate\Cache\CacheManager->resolve('redis')
#8 /srv/code/vendor/illuminate/cache/CacheManager.php(58): Illuminate\Cache\CacheManager->get('redis')
#9 /srv/code/vendor/illuminate/cache/CacheManager.php(69): Illuminate\Cache\CacheManager->store('redis')
#10 /srv/code/vendor/illuminate/cache/CacheServiceProvider.php(28): Illuminate\Cache\CacheManager->driver()
#11 /srv/code/vendor/illuminate/container/Container.php(764): Illuminate\Cache\CacheServiceProvider->Illuminate\Cache\{closure}(Object(Laravel\Lumen\Application), Array)
#12 /srv/code/vendor/illuminate/container/Container.php(646): Illuminate\Container\Container->build(Object(Closure))
#13 /srv/code/vendor/illuminate/container/Container.php(601): Illuminate\Container\Container->resolve('cache.store', Array)
#14 /srv/code/vendor/laravel/lumen-framework/src/Application.php(223): Illuminate\Container\Container->make('cache.store', Array)
#15 /srv/code/vendor/illuminate/container/Container.php(1210): Laravel\Lumen\Application->make('cache.store')
#16 /srv/code/vendor/laravel/lumen-framework/src/Console/Kernel.php(98): Illuminate\Container\Container->offsetGet('Illuminate\\Cont...')
#17 /srv/code/vendor/laravel/lumen-framework/src/Console/Kernel.php(61): Laravel\Lumen\Console\Kernel->defineConsoleSchedule()
#18 [internal function]: Laravel\Lumen\Console\Kernel->__construct(Object(Laravel\Lumen\Application))
#19 /srv/code/vendor/illuminate/container/Container.php(800): ReflectionClass->newInstanceArgs(Array)
#20 /srv/code/vendor/illuminate/container/Container.php(646): Illuminate\Container\Container->build('Laravel\\Lumen\\C...')
#21 /srv/code/vendor/illuminate/container/Container.php(601): Illuminate\Container\Container->resolve('Laravel\\Lumen\\C...', Array)
#22 /srv/code/vendor/laravel/lumen-framework/src/Application.php(223): Illuminate\Container\Container->make('Laravel\\Lumen\\C...', Array)
#23 /srv/code/vendor/illuminate/container/Container.php(256): Laravel\Lumen\Application->make('Laravel\\Lumen\\C...', Array)
#24 /srv/code/vendor/illuminate/container/Container.php(764): Illuminate\Container\Container->Illuminate\Container\{closure}(Object(Laravel\Lumen\Application), Array)
#25 /srv/code/vendor/illuminate/container/Container.php(646): Illuminate\Container\Container->build(Object(Closure))
#26 /srv/code/vendor/illuminate/container/Container.php(601): Illuminate\Container\Container->resolve('Illuminate\\Cont...', Array)
#27 /srv/code/vendor/laravel/lumen-framework/src/Application.php(223): Illuminate\Container\Container->make('Illuminate\\Cont...', Array)
#28 /srv/code/artisan(32): Laravel\Lumen\Application->make('Illuminate\\Cont...')
#29 {main} {"exception":"[object] (ReflectionException(code: -1): Class redis does not exist at /srv/code/vendor/illuminate/container/Container.php:767)
[stacktrace]
#0 /srv/code/vendor/illuminate/container/Container.php(767): ReflectionClass->__construct('redis')
#1 /srv/code/vendor/illuminate/container/Container.php(646): Illuminate\\Container\\Container->build('redis')
#2 /srv/code/vendor/illuminate/container/Container.php(601): Illuminate\\Container\\Container->resolve('redis', Array)
#3 /srv/code/vendor/laravel/lumen-framework/src/Application.php(223): Illuminate\\Container\\Container->make('redis', Array)
#4 /srv/code/vendor/illuminate/container/Container.php(1210): Laravel\\Lumen\\Application->make('redis')
#5 /srv/code/vendor/illuminate/cache/CacheManager.php(195): Illuminate\\Container\\Container->offsetGet('redis')
#6 /srv/code/vendor/illuminate/cache/CacheManager.php(105): Illuminate\\Cache\\CacheManager->createRedisDriver(Array)
#7 /srv/code/vendor/illuminate/cache/CacheManager.php(80): Illuminate\\Cache\\CacheManager->resolve('redis')
#8 /srv/code/vendor/illuminate/cache/CacheManager.php(58): Illuminate\\Cache\\CacheManager->get('redis')
#9 /srv/code/vendor/illuminate/cache/CacheManager.php(69): Illuminate\\Cache\\CacheManager->store('redis')
#10 /srv/code/vendor/illuminate/cache/CacheServiceProvider.php(28): Illuminate\\Cache\\CacheManager->driver()
#11 /srv/code/vendor/illuminate/container/Container.php(764): Illuminate\\Cache\\CacheServiceProvider->Illuminate\\Cache\\{closure}(Object(Laravel\\Lumen\\Application), Array)
#12 /srv/code/vendor/illuminate/container/Container.php(646): Illuminate\\Container\\Container->build(Object(Closure))
#13 /srv/code/vendor/illuminate/container/Container.php(601): Illuminate\\Container\\Container->resolve('cache.store', Array)
#14 /srv/code/vendor/laravel/lumen-framework/src/Application.php(223): Illuminate\\Container\\Container->make('cache.store', Array)
#15 /srv/code/vendor/illuminate/container/Container.php(1210): Laravel\\Lumen\\Application->make('cache.store')
#16 /srv/code/vendor/laravel/lumen-framework/src/Console/Kernel.php(98): Illuminate\\Container\\Container->offsetGet('Illuminate\\\\Cont...')
#17 /srv/code/vendor/laravel/lumen-framework/src/Console/Kernel.php(61): Laravel\\Lumen\\Console\\Kernel->defineConsoleSchedule()
#18 [internal function]: Laravel\\Lumen\\Console\\Kernel->__construct(Object(Laravel\\Lumen\\Application))
#19 /srv/code/vendor/illuminate/container/Container.php(800): ReflectionClass->newInstanceArgs(Array)
#20 /srv/code/vendor/illuminate/container/Container.php(646): Illuminate\\Container\\Container->build('Laravel\\\\Lumen\\\\C...')
#21 /srv/code/vendor/illuminate/container/Container.php(601): Illuminate\\Container\\Container->resolve('Laravel\\\\Lumen\\\\C...', Array)
#22 /srv/code/vendor/laravel/lumen-framework/src/Application.php(223): Illuminate\\Container\\Container->make('Laravel\\\\Lumen\\\\C...', Array)
#23 /srv/code/vendor/illuminate/container/Container.php(256): Laravel\\Lumen\\Application->make('Laravel\\\\Lumen\\\\C...', Array)
#24 /srv/code/vendor/illuminate/container/Container.php(764): Illuminate\\Container\\Container->Illuminate\\Container\\{closure}(Object(Laravel\\Lumen\\Application), Array)
#25 /srv/code/vendor/illuminate/container/Container.php(646): Illuminate\\Container\\Container->build(Object(Closure))
#26 /srv/code/vendor/illuminate/container/Container.php(601): Illuminate\\Container\\Container->resolve('Illuminate\\\\Cont...', Array)
#27 /srv/code/vendor/laravel/lumen-framework/src/Application.php(223): Illuminate\\Container\\Container->make('Illuminate\\\\Cont...', Array)
#28 /srv/code/artisan(32): Laravel\\Lumen\\Application->make('Illuminate\\\\Cont...')
#29 {main}
"} 
